[2025-12-10 15:41:00] INFO [root:55] - ================================================================================
[2025-12-10 15:41:00] INFO [root:56] - –õ–æ–≥–∏—Ä–æ–≤–∞–Ω–∏–µ –Ω–∞—Å—Ç—Ä–æ–µ–Ω–æ. –§–∞–π–ª: logs/app.log, –£—Ä–æ–≤–µ–Ω—å: INFO
[2025-12-10 15:41:00] INFO [root:57] - ================================================================================
[2025-12-10 20:10:44] INFO [root:55] - ================================================================================
[2025-12-10 20:10:44] INFO [root:56] - –õ–æ–≥–∏—Ä–æ–≤–∞–Ω–∏–µ –Ω–∞—Å—Ç—Ä–æ–µ–Ω–æ. –§–∞–π–ª: logs/app.log, –£—Ä–æ–≤–µ–Ω—å: INFO
[2025-12-10 20:10:44] INFO [root:57] - ================================================================================
[2025-12-10 20:10:44] INFO [app.main:41] - üöÄ –ó–∞–ø—É—Å–∫ –ø—Ä–∏–ª–æ–∂–µ–Ω–∏—è...
[2025-12-10 20:10:44] INFO [app.main:42] - üìä –ò–Ω–∏—Ü–∏–∞–ª–∏–∑–∞—Ü–∏—è –±–∞–∑—ã –¥–∞–Ω–Ω—ã—Ö...
[2025-12-10 20:10:44] INFO [app.main:44] - ‚úÖ –ü—Ä–∏–ª–æ–∂–µ–Ω–∏–µ —É—Å–ø–µ—à–Ω–æ –∑–∞–ø—É—â–µ–Ω–æ
[2025-12-10 20:20:37] WARNING [app.problem_details:85] - Validation error: [{'type': 'value_error', 'loc': ('body', 'phone'), 'msg': 'Value error, –ù–æ–º–µ—Ä —Ç–µ–ª–µ—Ñ–æ–Ω–∞ –¥–æ–ª–∂–µ–Ω –±—ã—Ç—å –≤ —Ñ–æ—Ä–º–∞—Ç–µ +7XXXXXXXXXX', 'input': '8988884848', 'ctx': {'error': ValueError('–ù–æ–º–µ—Ä —Ç–µ–ª–µ—Ñ–æ–Ω–∞ –¥–æ–ª–∂–µ–Ω –±—ã—Ç—å –≤ —Ñ–æ—Ä–º–∞—Ç–µ +7XXXXXXXXXX')}, 'url': 'https://errors.pydantic.dev/2.5/v/value_error'}]
[2025-12-10 20:21:10] INFO [app.services.patient_service:48] - –ü–æ–ø—ã—Ç–∫–∞ —Å–æ–∑–¥–∞–Ω–∏—è –Ω–æ–≤–æ–≥–æ –ø–∞—Ü–∏–µ–Ω—Ç–∞: –¢–µ—Å—Ç–æ–≤ –¢–µ—Å—Ç –¢–µ—Å—Ç–æ–≤–∏—á
[2025-12-10 20:21:10] INFO [app.services.patient_service:75] - –ü–∞—Ü–∏–µ–Ω—Ç —É—Å–ø–µ—à–Ω–æ —Å–æ–∑–¥–∞–Ω —Å ID=16
[2025-12-10 20:21:10] INFO [app.controllers.patient_controller:36] - [API] –°–æ–∑–¥–∞–Ω –ø–∞—Ü–∏–µ–Ω—Ç ID=16
[2025-12-10 20:21:52] INFO [app.services.doctor_service:52] - –ü–æ–ø—ã—Ç–∫–∞ —Å–æ–∑–¥–∞–Ω–∏—è –Ω–æ–≤–æ–≥–æ –≤—Ä–∞—á–∞: –°–º–∏—Ä–Ω–æ–≤–∞ –ê–Ω–Ω–∞ –ò–≤–∞–Ω–æ–≤–Ω–∞
[2025-12-10 20:21:52] INFO [app.services.doctor_service:67] - –í—Ä–∞—á —É—Å–ø–µ—à–Ω–æ —Å–æ–∑–¥–∞–Ω —Å ID=9
[2025-12-10 20:21:52] INFO [app.controllers.doctor_controller:36] - [API] –°–æ–∑–¥–∞–Ω –≤—Ä–∞—á ID=9
[2025-12-10 20:21:55] INFO [app.services.doctor_service:52] - –ü–æ–ø—ã—Ç–∫–∞ —Å–æ–∑–¥–∞–Ω–∏—è –Ω–æ–≤–æ–≥–æ –≤—Ä–∞—á–∞: –°–º–∏—Ä–Ω–æ–≤–∞ –ê–Ω–Ω–∞ –ò–≤–∞–Ω–æ–≤–Ω–∞
[2025-12-10 20:21:55] INFO [app.services.doctor_service:67] - –í—Ä–∞—á —É—Å–ø–µ—à–Ω–æ —Å–æ–∑–¥–∞–Ω —Å ID=10
[2025-12-10 20:21:55] INFO [app.controllers.doctor_controller:36] - [API] –°–æ–∑–¥–∞–Ω –≤—Ä–∞—á ID=10
[2025-12-10 20:21:58] INFO [app.services.doctor_service:52] - –ü–æ–ø—ã—Ç–∫–∞ —Å–æ–∑–¥–∞–Ω–∏—è –Ω–æ–≤–æ–≥–æ –≤—Ä–∞—á–∞: –°–º–∏—Ä–Ω–æ–≤–∞ –ê–Ω–Ω–∞ –ò–≤–∞–Ω–æ–≤–Ω–∞
[2025-12-10 20:21:58] INFO [app.services.doctor_service:67] - –í—Ä–∞—á —É—Å–ø–µ—à–Ω–æ —Å–æ–∑–¥–∞–Ω —Å ID=11
[2025-12-10 20:21:58] INFO [app.controllers.doctor_controller:36] - [API] –°–æ–∑–¥–∞–Ω –≤—Ä–∞—á ID=11
[2025-12-10 20:22:25] INFO [app.services.appointment_service:61] - –ü–æ–ø—ã—Ç–∫–∞ —Å–æ–∑–¥–∞–Ω–∏—è –ø—Ä–∏–µ–º–∞: patient_id=16, doctor_id=11, –¥–∞—Ç–∞=2025-12-15
[2025-12-10 20:22:25] INFO [app.services.appointment_service:133] - –ü—Ä–∏–µ–º —É—Å–ø–µ—à–Ω–æ —Å–æ–∑–¥–∞–Ω —Å ID=41
[2025-12-10 20:22:25] INFO [app.controllers.appointment_controller:39] - [API] –°–æ–∑–¥–∞–Ω –ø—Ä–∏–µ–º ID=41
[2025-12-10 20:23:51] INFO [app.services.doctor_service:81] - –ü–æ–ª—É—á–µ–Ω–∏–µ –≤—Ä–∞—á–∞ —Å ID=11
[2025-12-10 20:34:37] INFO [app.main:49] - üõë –ó–∞–≤–µ—Ä—à–µ–Ω–∏–µ —Ä–∞–±–æ—Ç—ã –ø—Ä–∏–ª–æ–∂–µ–Ω–∏—è...
[2025-12-10 20:34:37] INFO [app.main:50] - ‚úÖ –ü—Ä–∏–ª–æ–∂–µ–Ω–∏–µ –æ—Å—Ç–∞–Ω–æ–≤–ª–µ–Ω–æ
[2025-12-10 20:34:38] INFO [root:55] - ================================================================================
[2025-12-10 20:34:38] INFO [root:56] - –õ–æ–≥–∏—Ä–æ–≤–∞–Ω–∏–µ –Ω–∞—Å—Ç—Ä–æ–µ–Ω–æ. –§–∞–π–ª: logs/app.log, –£—Ä–æ–≤–µ–Ω—å: INFO
[2025-12-10 20:34:38] INFO [root:57] - ================================================================================
[2025-12-10 20:34:38] INFO [app.main:41] - üöÄ –ó–∞–ø—É—Å–∫ –ø—Ä–∏–ª–æ–∂–µ–Ω–∏—è...
[2025-12-10 20:34:38] INFO [app.main:42] - üìä –ò–Ω–∏—Ü–∏–∞–ª–∏–∑–∞—Ü–∏—è –±–∞–∑—ã –¥–∞–Ω–Ω—ã—Ö...
[2025-12-10 20:34:38] INFO [app.main:44] - ‚úÖ –ü—Ä–∏–ª–æ–∂–µ–Ω–∏–µ —É—Å–ø–µ—à–Ω–æ –∑–∞–ø—É—â–µ–Ω–æ
[2025-12-10 20:37:54] INFO [app.main:49] - üõë –ó–∞–≤–µ—Ä—à–µ–Ω–∏–µ —Ä–∞–±–æ—Ç—ã –ø—Ä–∏–ª–æ–∂–µ–Ω–∏—è...
[2025-12-10 20:37:54] INFO [app.main:50] - ‚úÖ –ü—Ä–∏–ª–æ–∂–µ–Ω–∏–µ –æ—Å—Ç–∞–Ω–æ–≤–ª–µ–Ω–æ
[2025-12-10 20:37:54] INFO [root:55] - ================================================================================
[2025-12-10 20:37:54] INFO [root:56] - –õ–æ–≥–∏—Ä–æ–≤–∞–Ω–∏–µ –Ω–∞—Å—Ç—Ä–æ–µ–Ω–æ. –§–∞–π–ª: logs/app.log, –£—Ä–æ–≤–µ–Ω—å: INFO
[2025-12-10 20:37:54] INFO [root:57] - ================================================================================
[2025-12-10 20:37:54] INFO [app.main:41] - üöÄ –ó–∞–ø—É—Å–∫ –ø—Ä–∏–ª–æ–∂–µ–Ω–∏—è...
[2025-12-10 20:37:54] INFO [app.main:42] - üìä –ò–Ω–∏—Ü–∏–∞–ª–∏–∑–∞—Ü–∏—è –±–∞–∑—ã –¥–∞–Ω–Ω—ã—Ö...
[2025-12-10 20:37:54] INFO [app.main:44] - ‚úÖ –ü—Ä–∏–ª–æ–∂–µ–Ω–∏–µ —É—Å–ø–µ—à–Ω–æ –∑–∞–ø—É—â–µ–Ω–æ
[2025-12-10 20:38:32] INFO [app.main:49] - üõë –ó–∞–≤–µ—Ä—à–µ–Ω–∏–µ —Ä–∞–±–æ—Ç—ã –ø—Ä–∏–ª–æ–∂–µ–Ω–∏—è...
[2025-12-10 20:38:32] INFO [app.main:50] - ‚úÖ –ü—Ä–∏–ª–æ–∂–µ–Ω–∏–µ –æ—Å—Ç–∞–Ω–æ–≤–ª–µ–Ω–æ
[2025-12-10 20:38:33] INFO [root:55] - ================================================================================
[2025-12-10 20:38:33] INFO [root:56] - –õ–æ–≥–∏—Ä–æ–≤–∞–Ω–∏–µ –Ω–∞—Å—Ç—Ä–æ–µ–Ω–æ. –§–∞–π–ª: logs/app.log, –£—Ä–æ–≤–µ–Ω—å: INFO
[2025-12-10 20:38:33] INFO [root:57] - ================================================================================
[2025-12-10 20:38:33] INFO [app.main:41] - üöÄ –ó–∞–ø—É—Å–∫ –ø—Ä–∏–ª–æ–∂–µ–Ω–∏—è...
[2025-12-10 20:38:33] INFO [app.main:42] - üìä –ò–Ω–∏—Ü–∏–∞–ª–∏–∑–∞—Ü–∏—è –±–∞–∑—ã –¥–∞–Ω–Ω—ã—Ö...
[2025-12-10 20:38:33] INFO [app.main:44] - ‚úÖ –ü—Ä–∏–ª–æ–∂–µ–Ω–∏–µ —É—Å–ø–µ—à–Ω–æ –∑–∞–ø—É—â–µ–Ω–æ
[2025-12-10 20:44:01] INFO [app.services.appointment_service:61] - –ü–æ–ø—ã—Ç–∫–∞ —Å–æ–∑–¥–∞–Ω–∏—è –ø—Ä–∏–µ–º–∞: patient_id=11, doctor_id=16, –¥–∞—Ç–∞=2025-12-15
[2025-12-10 20:44:01] WARNING [app.services.appointment_service:81] - –í—Ä–∞—á —Å ID=16 –Ω–µ –Ω–∞–π–¥–µ–Ω
[2025-12-10 20:44:01] ERROR [app.controllers.appointment_controller:42] - [API] –û—à–∏–±–∫–∞ —Å–æ–∑–¥–∞–Ω–∏—è –ø—Ä–∏–µ–º–∞: –í—Ä–∞—á —Å ID=16 –Ω–µ –Ω–∞–π–¥–µ–Ω
[2025-12-10 20:44:08] INFO [app.services.appointment_service:61] - –ü–æ–ø—ã—Ç–∫–∞ —Å–æ–∑–¥–∞–Ω–∏—è –ø—Ä–∏–µ–º–∞: patient_id=16, doctor_id=11, –¥–∞—Ç–∞=2025-12-15
[2025-12-10 20:44:08] WARNING [app.services.appointment_service:224] - –ü–∞—Ü–∏–µ–Ω—Ç ID=16 —É–∂–µ –∑–∞–ø–∏—Å–∞–Ω –∫ –≤—Ä–∞—á—É ID=11 –Ω–∞ 2025-12-15
[2025-12-10 20:44:08] ERROR [app.controllers.appointment_controller:42] - [API] –û—à–∏–±–∫–∞ —Å–æ–∑–¥–∞–Ω–∏—è –ø—Ä–∏–µ–º–∞: –ü–∞—Ü–∏–µ–Ω—Ç —É–∂–µ –∑–∞–ø–∏—Å–∞–Ω –∫ —ç—Ç–æ–º—É –≤—Ä–∞—á—É –Ω–∞ 2025-12-15
[2025-12-10 20:44:26] INFO [app.services.appointment_service:61] - –ü–æ–ø—ã—Ç–∫–∞ —Å–æ–∑–¥–∞–Ω–∏—è –ø—Ä–∏–µ–º–∞: patient_id=16, doctor_id=11, –¥–∞—Ç–∞=2025-12-15
[2025-12-10 20:44:26] WARNING [app.services.appointment_service:224] - –ü–∞—Ü–∏–µ–Ω—Ç ID=16 —É–∂–µ –∑–∞–ø–∏—Å–∞–Ω –∫ –≤—Ä–∞—á—É ID=11 –Ω–∞ 2025-12-15
[2025-12-10 20:44:26] ERROR [app.controllers.appointment_controller:42] - [API] –û—à–∏–±–∫–∞ —Å–æ–∑–¥–∞–Ω–∏—è –ø—Ä–∏–µ–º–∞: –ü–∞—Ü–∏–µ–Ω—Ç —É–∂–µ –∑–∞–ø–∏—Å–∞–Ω –∫ —ç—Ç–æ–º—É –≤—Ä–∞—á—É –Ω–∞ 2025-12-15
[2025-12-10 20:44:51] INFO [app.services.appointment_service:61] - –ü–æ–ø—ã—Ç–∫–∞ —Å–æ–∑–¥–∞–Ω–∏—è –ø—Ä–∏–µ–º–∞: patient_id=16, doctor_id=11, –¥–∞—Ç–∞=2025-12-16
[2025-12-10 20:44:51] INFO [app.services.appointment_service:133] - –ü—Ä–∏–µ–º —É—Å–ø–µ—à–Ω–æ —Å–æ–∑–¥–∞–Ω —Å ID=42
[2025-12-10 20:44:51] INFO [app.controllers.appointment_controller:39] - [API] –°–æ–∑–¥–∞–Ω –ø—Ä–∏–µ–º ID=42
[2025-12-10 20:45:21] INFO [app.services.doctor_service:81] - –ü–æ–ª—É—á–µ–Ω–∏–µ –≤—Ä–∞—á–∞ —Å ID=11
[2025-12-10 20:45:21] INFO [app.services.appointment_service:388] - –ü–æ–ª—É—á–µ–Ω–∏–µ —Ä–∞—Å–ø–∏—Å–∞–Ω–∏—è –≤—Ä–∞—á–∞ ID=11 –Ω–∞ –¥–∞—Ç—É 2025-12-10
[2025-12-10 20:45:21] INFO [app.services.appointment_service:397] - –ù–∞–π–¥–µ–Ω–æ 0 –∑–∞–ø–∏—Å–µ–π
[2025-12-10 20:45:21] INFO [app.controllers.doctor_controller:134] - [API] –ü–æ–ª—É—á–µ–Ω–æ —Ä–∞—Å–ø–∏—Å–∞–Ω–∏–µ –≤—Ä–∞—á–∞ ID=11 –Ω–∞ 2025-12-10: 0 –∑–∞–ø–∏—Å–µ–π
[2025-12-10 20:45:31] INFO [app.services.doctor_service:81] - –ü–æ–ª—É—á–µ–Ω–∏–µ –≤—Ä–∞—á–∞ —Å ID=11
[2025-12-10 20:45:31] INFO [app.services.appointment_service:388] - –ü–æ–ª—É—á–µ–Ω–∏–µ —Ä–∞—Å–ø–∏—Å–∞–Ω–∏—è –≤—Ä–∞—á–∞ ID=11 –Ω–∞ –¥–∞—Ç—É 2025-12-16
[2025-12-10 20:45:31] INFO [app.services.appointment_service:397] - –ù–∞–π–¥–µ–Ω–æ 1 –∑–∞–ø–∏—Å–µ–π
[2025-12-10 20:45:31] INFO [app.controllers.doctor_controller:134] - [API] –ü–æ–ª—É—á–µ–Ω–æ —Ä–∞—Å–ø–∏—Å–∞–Ω–∏–µ –≤—Ä–∞—á–∞ ID=11 –Ω–∞ 2025-12-16: 1 –∑–∞–ø–∏—Å–µ–π
[2025-12-10 20:45:36] INFO [app.services.doctor_service:81] - –ü–æ–ª—É—á–µ–Ω–∏–µ –≤—Ä–∞—á–∞ —Å ID=11
[2025-12-10 20:45:36] INFO [app.services.appointment_service:388] - –ü–æ–ª—É—á–µ–Ω–∏–µ —Ä–∞—Å–ø–∏—Å–∞–Ω–∏—è –≤—Ä–∞—á–∞ ID=11 –Ω–∞ –¥–∞—Ç—É 2025-12-15
[2025-12-10 20:45:36] INFO [app.services.appointment_service:397] - –ù–∞–π–¥–µ–Ω–æ 1 –∑–∞–ø–∏—Å–µ–π
[2025-12-10 20:45:36] INFO [app.controllers.doctor_controller:134] - [API] –ü–æ–ª—É—á–µ–Ω–æ —Ä–∞—Å–ø–∏—Å–∞–Ω–∏–µ –≤—Ä–∞—á–∞ ID=11 –Ω–∞ 2025-12-15: 1 –∑–∞–ø–∏—Å–µ–π
[2025-12-10 20:47:42] INFO [app.services.appointment_service:61] - –ü–æ–ø—ã—Ç–∫–∞ —Å–æ–∑–¥–∞–Ω–∏—è –ø—Ä–∏–µ–º–∞: patient_id=16, doctor_id=11, –¥–∞—Ç–∞=2025-12-15
[2025-12-10 20:47:42] WARNING [app.services.appointment_service:224] - –ü–∞—Ü–∏–µ–Ω—Ç ID=16 —É–∂–µ –∑–∞–ø–∏—Å–∞–Ω –∫ –≤—Ä–∞—á—É ID=11 –Ω–∞ 2025-12-15
[2025-12-10 20:47:42] ERROR [app.controllers.appointment_controller:42] - [API] –û—à–∏–±–∫–∞ —Å–æ–∑–¥–∞–Ω–∏—è –ø—Ä–∏–µ–º–∞: –ü–∞—Ü–∏–µ–Ω—Ç —É–∂–µ –∑–∞–ø–∏—Å–∞–Ω –∫ —ç—Ç–æ–º—É –≤—Ä–∞—á—É –Ω–∞ 2025-12-15
[2025-12-10 20:48:59] INFO [app.main:49] - üõë –ó–∞–≤–µ—Ä—à–µ–Ω–∏–µ —Ä–∞–±–æ—Ç—ã –ø—Ä–∏–ª–æ–∂–µ–Ω–∏—è...
[2025-12-10 20:48:59] INFO [app.main:50] - ‚úÖ –ü—Ä–∏–ª–æ–∂–µ–Ω–∏–µ –æ—Å—Ç–∞–Ω–æ–≤–ª–µ–Ω–æ
[2025-12-10 20:48:59] INFO [root:55] - ================================================================================
[2025-12-10 20:48:59] INFO [root:56] - –õ–æ–≥–∏—Ä–æ–≤–∞–Ω–∏–µ –Ω–∞—Å—Ç—Ä–æ–µ–Ω–æ. –§–∞–π–ª: logs/app.log, –£—Ä–æ–≤–µ–Ω—å: INFO
[2025-12-10 20:48:59] INFO [root:57] - ================================================================================
[2025-12-10 20:48:59] INFO [app.main:41] - üöÄ –ó–∞–ø—É—Å–∫ –ø—Ä–∏–ª–æ–∂–µ–Ω–∏—è...
[2025-12-10 20:48:59] INFO [app.main:42] - üìä –ò–Ω–∏—Ü–∏–∞–ª–∏–∑–∞—Ü–∏—è –±–∞–∑—ã –¥–∞–Ω–Ω—ã—Ö...
[2025-12-10 20:48:59] INFO [app.main:44] - ‚úÖ –ü—Ä–∏–ª–æ–∂–µ–Ω–∏–µ —É—Å–ø–µ—à–Ω–æ –∑–∞–ø—É—â–µ–Ω–æ
[2025-12-10 22:03:46] WARNING [app.problem_details:85] - Validation error: [{'type': 'missing', 'loc': ('query', 'date'), 'msg': 'Field required', 'input': None, 'url': 'https://errors.pydantic.dev/2.5/v/missing'}]
[2025-12-10 22:03:54] WARNING [app.problem_details:85] - Validation error: [{'type': 'missing', 'loc': ('query', 'date'), 'msg': 'Field required', 'input': None, 'url': 'https://errors.pydantic.dev/2.5/v/missing'}]
[2025-12-10 22:03:55] WARNING [app.problem_details:85] - Validation error: [{'type': 'missing', 'loc': ('query', 'date'), 'msg': 'Field required', 'input': None, 'url': 'https://errors.pydantic.dev/2.5/v/missing'}]
[2025-12-10 22:04:08] INFO [app.services.doctor_service:81] - –ü–æ–ª—É—á–µ–Ω–∏–µ –≤—Ä–∞—á–∞ —Å ID=11
[2025-12-10 22:04:08] INFO [app.services.appointment_service:388] - –ü–æ–ª—É—á–µ–Ω–∏–µ —Ä–∞—Å–ø–∏—Å–∞–Ω–∏—è –≤—Ä–∞—á–∞ ID=11 –Ω–∞ –¥–∞—Ç—É 2025-12-15
[2025-12-10 22:04:08] INFO [app.services.appointment_service:397] - –ù–∞–π–¥–µ–Ω–æ 1 –∑–∞–ø–∏—Å–µ–π
[2025-12-10 22:04:08] INFO [app.controllers.doctor_controller:134] - [API] –ü–æ–ª—É—á–µ–Ω–æ —Ä–∞—Å–ø–∏—Å–∞–Ω–∏–µ –≤—Ä–∞—á–∞ ID=11 –Ω–∞ 2025-12-15: 1 –∑–∞–ø–∏—Å–µ–π
[2025-12-10 22:04:14] WARNING [app.problem_details:85] - Validation error: [{'type': 'missing', 'loc': ('query', 'date'), 'msg': 'Field required', 'input': None, 'url': 'https://errors.pydantic.dev/2.5/v/missing'}]
[2025-12-10 22:04:32] INFO [app.services.doctor_service:81] - –ü–æ–ª—É—á–µ–Ω–∏–µ –≤—Ä–∞—á–∞ —Å ID=11
[2025-12-10 22:04:32] INFO [app.services.appointment_service:388] - –ü–æ–ª—É—á–µ–Ω–∏–µ —Ä–∞—Å–ø–∏—Å–∞–Ω–∏—è –≤—Ä–∞—á–∞ ID=11 –Ω–∞ –¥–∞—Ç—É 2025-12-15
[2025-12-10 22:04:32] INFO [app.services.appointment_service:397] - –ù–∞–π–¥–µ–Ω–æ 1 –∑–∞–ø–∏—Å–µ–π
[2025-12-10 22:04:32] INFO [app.controllers.doctor_controller:134] - [API] –ü–æ–ª—É—á–µ–Ω–æ —Ä–∞—Å–ø–∏—Å–∞–Ω–∏–µ –≤—Ä–∞—á–∞ ID=11 –Ω–∞ 2025-12-15: 1 –∑–∞–ø–∏—Å–µ–π
[2025-12-10 22:04:46] INFO [app.services.appointment_service:61] - –ü–æ–ø—ã—Ç–∫–∞ —Å–æ–∑–¥–∞–Ω–∏—è –ø—Ä–∏–µ–º–∞: patient_id=15, doctor_id=11, –¥–∞—Ç–∞=2025-12-15
[2025-12-10 22:04:46] INFO [app.services.appointment_service:133] - –ü—Ä–∏–µ–º —É—Å–ø–µ—à–Ω–æ —Å–æ–∑–¥–∞–Ω —Å ID=43
[2025-12-10 22:04:46] INFO [app.controllers.appointment_controller:39] - [API] –°–æ–∑–¥–∞–Ω –ø—Ä–∏–µ–º ID=43
[2025-12-10 22:04:51] INFO [app.services.appointment_service:61] - –ü–æ–ø—ã—Ç–∫–∞ —Å–æ–∑–¥–∞–Ω–∏—è –ø—Ä–∏–µ–º–∞: patient_id=14, doctor_id=11, –¥–∞—Ç–∞=2025-12-15
[2025-12-10 22:04:51] WARNING [app.services.appointment_service:151] - –ö–æ–Ω—Ñ–ª–∏–∫—Ç –≤—Ä–µ–º–µ–Ω–∏ —É –≤—Ä–∞—á–∞ ID=11 –Ω–∞ 2025-12-15 15:00:00
[2025-12-10 22:04:51] ERROR [app.controllers.appointment_controller:42] - [API] –û—à–∏–±–∫–∞ —Å–æ–∑–¥–∞–Ω–∏—è –ø—Ä–∏–µ–º–∞: –£ –≤—Ä–∞—á–∞ —É–∂–µ –µ—Å—Ç—å –ø—Ä–∏–µ–º –Ω–∞ 2025-12-15 –≤ 15:00:00
[2025-12-10 22:04:58] INFO [app.services.appointment_service:61] - –ü–æ–ø—ã—Ç–∫–∞ —Å–æ–∑–¥–∞–Ω–∏—è –ø—Ä–∏–µ–º–∞: patient_id=13, doctor_id=11, –¥–∞—Ç–∞=2025-12-15
[2025-12-10 22:04:58] INFO [app.services.appointment_service:133] - –ü—Ä–∏–µ–º —É—Å–ø–µ—à–Ω–æ —Å–æ–∑–¥–∞–Ω —Å ID=44
[2025-12-10 22:04:58] INFO [app.controllers.appointment_controller:39] - [API] –°–æ–∑–¥–∞–Ω –ø—Ä–∏–µ–º ID=44
[2025-12-10 22:05:02] INFO [app.services.doctor_service:81] - –ü–æ–ª—É—á–µ–Ω–∏–µ –≤—Ä–∞—á–∞ —Å ID=11
[2025-12-10 22:05:02] INFO [app.services.appointment_service:388] - –ü–æ–ª—É—á–µ–Ω–∏–µ —Ä–∞—Å–ø–∏—Å–∞–Ω–∏—è –≤—Ä–∞—á–∞ ID=11 –Ω–∞ –¥–∞—Ç—É 2025-12-15
[2025-12-10 22:05:02] INFO [app.services.appointment_service:397] - –ù–∞–π–¥–µ–Ω–æ 3 –∑–∞–ø–∏—Å–µ–π
[2025-12-10 22:05:02] INFO [app.controllers.doctor_controller:134] - [API] –ü–æ–ª—É—á–µ–Ω–æ —Ä–∞—Å–ø–∏—Å–∞–Ω–∏–µ –≤—Ä–∞—á–∞ ID=11 –Ω–∞ 2025-12-15: 3 –∑–∞–ø–∏—Å–µ–π
[2025-12-10 22:05:47] INFO [app.services.appointment_service:233] - –ü–æ–ª—É—á–µ–Ω–∏–µ –ø—Ä–∏–µ–º–∞ —Å ID=43
[2025-12-10 22:06:28] WARNING [app.problem_details:85] - Validation error: [{'type': 'value_error', 'loc': ('body', 'status'), 'msg': 'Value error, –°—Ç–∞—Ç—É—Å –¥–æ–ª–∂–µ–Ω –±—ã—Ç—å –æ–¥–Ω–∏–º –∏–∑: scheduled, completed, cancelled', 'input': 'string', 'ctx': {'error': ValueError('–°—Ç–∞—Ç—É—Å –¥–æ–ª–∂–µ–Ω –±—ã—Ç—å –æ–¥–Ω–∏–º –∏–∑: scheduled, completed, cancelled')}, 'url': 'https://errors.pydantic.dev/2.5/v/value_error'}]
[2025-12-10 22:06:29] WARNING [app.problem_details:85] - Validation error: [{'type': 'value_error', 'loc': ('body', 'status'), 'msg': 'Value error, –°—Ç–∞—Ç—É—Å –¥–æ–ª–∂–µ–Ω –±—ã—Ç—å –æ–¥–Ω–∏–º –∏–∑: scheduled, completed, cancelled', 'input': 'string', 'ctx': {'error': ValueError('–°—Ç–∞—Ç—É—Å –¥–æ–ª–∂–µ–Ω –±—ã—Ç—å –æ–¥–Ω–∏–º –∏–∑: scheduled, completed, cancelled')}, 'url': 'https://errors.pydantic.dev/2.5/v/value_error'}]
[2025-12-10 22:06:35] INFO [app.services.appointment_service:233] - –ü–æ–ª—É—á–µ–Ω–∏–µ –ø—Ä–∏–µ–º–∞ —Å ID=43
[2025-12-10 22:06:41] INFO [app.services.appointment_service:233] - –ü–æ–ª—É—á–µ–Ω–∏–µ –ø—Ä–∏–µ–º–∞ —Å ID=43
[2025-12-10 22:06:42] INFO [app.services.appointment_service:233] - –ü–æ–ª—É—á–µ–Ω–∏–µ –ø—Ä–∏–µ–º–∞ —Å ID=43
[2025-12-10 22:06:55] INFO [app.services.appointment_service:290] - –û–±–Ω–æ–≤–ª–µ–Ω–∏–µ –ø—Ä–∏–µ–º–∞ ID=43
[2025-12-10 22:06:55] INFO [app.services.appointment_service:233] - –ü–æ–ª—É—á–µ–Ω–∏–µ –ø—Ä–∏–µ–º–∞ —Å ID=43
[2025-12-10 22:06:55] WARNING [app.services.appointment_service:306] - –ü–æ–ø—ã—Ç–∫–∞ –∑–∞–≤–µ—Ä—à–∏—Ç—å –±—É–¥—É—â–∏–π –ø—Ä–∏–µ–º ID=43
[2025-12-10 22:06:55] ERROR [app.controllers.appointment_controller:115] - [API] –û—à–∏–±–∫–∞ –æ–±–Ω–æ–≤–ª–µ–Ω–∏—è –ø—Ä–∏–µ–º–∞: –ü—Ä–∏–µ–º –º–æ–∂–Ω–æ –∑–∞–≤–µ—Ä—à–∏—Ç—å —Ç–æ–ª—å–∫–æ –≤ –¥–µ–Ω—å –µ–≥–æ –ø—Ä–æ–≤–µ–¥–µ–Ω–∏—è –∏–ª–∏ –ø–æ–∑–∂–µ
[2025-12-10 22:07:03] INFO [app.services.appointment_service:290] - –û–±–Ω–æ–≤–ª–µ–Ω–∏–µ –ø—Ä–∏–µ–º–∞ ID=43
[2025-12-10 22:07:03] INFO [app.services.appointment_service:233] - –ü–æ–ª—É—á–µ–Ω–∏–µ –ø—Ä–∏–µ–º–∞ —Å ID=43
[2025-12-10 22:07:03] WARNING [app.services.appointment_service:306] - –ü–æ–ø—ã—Ç–∫–∞ –∑–∞–≤–µ—Ä—à–∏—Ç—å –±—É–¥—É—â–∏–π –ø—Ä–∏–µ–º ID=43
[2025-12-10 22:07:03] ERROR [app.controllers.appointment_controller:115] - [API] –û—à–∏–±–∫–∞ –æ–±–Ω–æ–≤–ª–µ–Ω–∏—è –ø—Ä–∏–µ–º–∞: –ü—Ä–∏–µ–º –º–æ–∂–Ω–æ –∑–∞–≤–µ—Ä—à–∏—Ç—å —Ç–æ–ª—å–∫–æ –≤ –¥–µ–Ω—å –µ–≥–æ –ø—Ä–æ–≤–µ–¥–µ–Ω–∏—è –∏–ª–∏ –ø–æ–∑–∂–µ
[2025-12-10 22:07:11] INFO [app.services.appointment_service:290] - –û–±–Ω–æ–≤–ª–µ–Ω–∏–µ –ø—Ä–∏–µ–º–∞ ID=43
[2025-12-10 22:07:11] INFO [app.services.appointment_service:233] - –ü–æ–ª—É—á–µ–Ω–∏–µ –ø—Ä–∏–µ–º–∞ —Å ID=43
[2025-12-10 22:07:11] WARNING [app.services.appointment_service:306] - –ü–æ–ø—ã—Ç–∫–∞ –∑–∞–≤–µ—Ä—à–∏—Ç—å –±—É–¥—É—â–∏–π –ø—Ä–∏–µ–º ID=43
[2025-12-10 22:07:11] ERROR [app.controllers.appointment_controller:115] - [API] –û—à–∏–±–∫–∞ –æ–±–Ω–æ–≤–ª–µ–Ω–∏—è –ø—Ä–∏–µ–º–∞: –ü—Ä–∏–µ–º –º–æ–∂–Ω–æ –∑–∞–≤–µ—Ä—à–∏—Ç—å —Ç–æ–ª—å–∫–æ –≤ –¥–µ–Ω—å –µ–≥–æ –ø—Ä–æ–≤–µ–¥–µ–Ω–∏—è –∏–ª–∏ –ø–æ–∑–∂–µ
[2025-12-10 22:07:45] INFO [app.services.appointment_service:290] - –û–±–Ω–æ–≤–ª–µ–Ω–∏–µ –ø—Ä–∏–µ–º–∞ ID=43
[2025-12-10 22:07:45] INFO [app.services.appointment_service:233] - –ü–æ–ª—É—á–µ–Ω–∏–µ –ø—Ä–∏–µ–º–∞ —Å ID=43
[2025-12-10 22:07:45] WARNING [app.services.appointment_service:306] - –ü–æ–ø—ã—Ç–∫–∞ –∑–∞–≤–µ—Ä—à–∏—Ç—å –±—É–¥—É—â–∏–π –ø—Ä–∏–µ–º ID=43
[2025-12-10 22:07:45] ERROR [app.controllers.appointment_controller:115] - [API] –û—à–∏–±–∫–∞ –æ–±–Ω–æ–≤–ª–µ–Ω–∏—è –ø—Ä–∏–µ–º–∞: –ü—Ä–∏–µ–º –º–æ–∂–Ω–æ –∑–∞–≤–µ—Ä—à–∏—Ç—å —Ç–æ–ª—å–∫–æ –≤ –¥–µ–Ω—å –µ–≥–æ –ø—Ä–æ–≤–µ–¥–µ–Ω–∏—è –∏–ª–∏ –ø–æ–∑–∂–µ
[2025-12-10 22:08:20] INFO [app.services.appointment_service:290] - –û–±–Ω–æ–≤–ª–µ–Ω–∏–µ –ø—Ä–∏–µ–º–∞ ID=43
[2025-12-10 22:08:20] INFO [app.services.appointment_service:233] - –ü–æ–ª—É—á–µ–Ω–∏–µ –ø—Ä–∏–µ–º–∞ —Å ID=43
[2025-12-10 22:08:20] WARNING [app.services.appointment_service:306] - –ü–æ–ø—ã—Ç–∫–∞ –∑–∞–≤–µ—Ä—à–∏—Ç—å –±—É–¥—É—â–∏–π –ø—Ä–∏–µ–º ID=43
[2025-12-10 22:08:20] ERROR [app.controllers.appointment_controller:115] - [API] –û—à–∏–±–∫–∞ –æ–±–Ω–æ–≤–ª–µ–Ω–∏—è –ø—Ä–∏–µ–º–∞: –ü—Ä–∏–µ–º –º–æ–∂–Ω–æ –∑–∞–≤–µ—Ä—à–∏—Ç—å —Ç–æ–ª—å–∫–æ –≤ –¥–µ–Ω—å –µ–≥–æ –ø—Ä–æ–≤–µ–¥–µ–Ω–∏—è –∏–ª–∏ –ø–æ–∑–∂–µ
[2025-12-10 22:11:22] WARNING [app.problem_details:85] - Validation error: [{'type': 'value_error', 'loc': ('body', 'status'), 'msg': 'Value error, –°—Ç–∞—Ç—É—Å –¥–æ–ª–∂–µ–Ω –±—ã—Ç—å –æ–¥–Ω–∏–º –∏–∑: scheduled, completed, cancelled', 'input': 'string', 'ctx': {'error': ValueError('–°—Ç–∞—Ç—É—Å –¥–æ–ª–∂–µ–Ω –±—ã—Ç—å –æ–¥–Ω–∏–º –∏–∑: scheduled, completed, cancelled')}, 'url': 'https://errors.pydantic.dev/2.5/v/value_error'}]
[2025-12-10 22:11:42] INFO [app.services.appointment_service:290] - –û–±–Ω–æ–≤–ª–µ–Ω–∏–µ –ø—Ä–∏–µ–º–∞ ID=43
[2025-12-10 22:11:42] INFO [app.services.appointment_service:233] - –ü–æ–ª—É—á–µ–Ω–∏–µ –ø—Ä–∏–µ–º–∞ —Å ID=43
[2025-12-10 22:11:42] INFO [app.services.appointment_service:325] - –ü—Ä–∏–µ–º ID=43 —É—Å–ø–µ—à–Ω–æ –æ–±–Ω–æ–≤–ª–µ–Ω
[2025-12-10 22:11:42] INFO [app.controllers.appointment_controller:112] - [API] –û–±–Ω–æ–≤–ª–µ–Ω –ø—Ä–∏–µ–º ID=43
[2025-12-10 22:11:54] INFO [app.services.doctor_service:81] - –ü–æ–ª—É—á–µ–Ω–∏–µ –≤—Ä–∞—á–∞ —Å ID=11
[2025-12-10 22:11:54] INFO [app.services.appointment_service:388] - –ü–æ–ª—É—á–µ–Ω–∏–µ —Ä–∞—Å–ø–∏—Å–∞–Ω–∏—è –≤—Ä–∞—á–∞ ID=11 –Ω–∞ –¥–∞—Ç—É 2025-12-10
[2025-12-10 22:11:54] INFO [app.services.appointment_service:397] - –ù–∞–π–¥–µ–Ω–æ 1 –∑–∞–ø–∏—Å–µ–π
[2025-12-10 22:11:54] INFO [app.controllers.doctor_controller:134] - [API] –ü–æ–ª—É—á–µ–Ω–æ —Ä–∞—Å–ø–∏—Å–∞–Ω–∏–µ –≤—Ä–∞—á–∞ ID=11 –Ω–∞ 2025-12-10: 1 –∑–∞–ø–∏—Å–µ–π
[2025-12-10 22:12:28] INFO [app.services.appointment_service:290] - –û–±–Ω–æ–≤–ª–µ–Ω–∏–µ –ø—Ä–∏–µ–º–∞ ID=43
[2025-12-10 22:12:28] INFO [app.services.appointment_service:233] - –ü–æ–ª—É—á–µ–Ω–∏–µ –ø—Ä–∏–µ–º–∞ —Å ID=43
[2025-12-10 22:12:28] INFO [app.services.appointment_service:325] - –ü—Ä–∏–µ–º ID=43 —É—Å–ø–µ—à–Ω–æ –æ–±–Ω–æ–≤–ª–µ–Ω
[2025-12-10 22:12:28] INFO [app.controllers.appointment_controller:112] - [API] –û–±–Ω–æ–≤–ª–µ–Ω –ø—Ä–∏–µ–º ID=43
[2025-12-10 22:12:32] INFO [app.services.doctor_service:81] - –ü–æ–ª—É—á–µ–Ω–∏–µ –≤—Ä–∞—á–∞ —Å ID=11
[2025-12-10 22:12:32] INFO [app.services.appointment_service:388] - –ü–æ–ª—É—á–µ–Ω–∏–µ —Ä–∞—Å–ø–∏—Å–∞–Ω–∏—è –≤—Ä–∞—á–∞ ID=11 –Ω–∞ –¥–∞—Ç—É 2025-12-10
[2025-12-10 22:12:32] INFO [app.services.appointment_service:397] - –ù–∞–π–¥–µ–Ω–æ 1 –∑–∞–ø–∏—Å–µ–π
[2025-12-10 22:12:32] INFO [app.controllers.doctor_controller:134] - [API] –ü–æ–ª—É—á–µ–Ω–æ —Ä–∞—Å–ø–∏—Å–∞–Ω–∏–µ –≤—Ä–∞—á–∞ ID=11 –Ω–∞ 2025-12-10: 1 –∑–∞–ø–∏—Å–µ–π
[2025-12-10 22:13:01] INFO [app.services.patient_service:89] - –ü–æ–ª—É—á–µ–Ω–∏–µ –ø–∞—Ü–∏–µ–Ω—Ç–∞ —Å ID=15
[2025-12-10 22:15:07] INFO [app.main:49] - üõë –ó–∞–≤–µ—Ä—à–µ–Ω–∏–µ —Ä–∞–±–æ—Ç—ã –ø—Ä–∏–ª–æ–∂–µ–Ω–∏—è...
[2025-12-10 22:15:07] INFO [app.main:50] - ‚úÖ –ü—Ä–∏–ª–æ–∂–µ–Ω–∏–µ –æ—Å—Ç–∞–Ω–æ–≤–ª–µ–Ω–æ
[2025-12-10 22:15:08] INFO [root:55] - ================================================================================
[2025-12-10 22:15:08] INFO [root:56] - –õ–æ–≥–∏—Ä–æ–≤–∞–Ω–∏–µ –Ω–∞—Å—Ç—Ä–æ–µ–Ω–æ. –§–∞–π–ª: logs/app.log, –£—Ä–æ–≤–µ–Ω—å: INFO
[2025-12-10 22:15:08] INFO [root:57] - ================================================================================
[2025-12-10 22:15:08] INFO [app.main:41] - üöÄ –ó–∞–ø—É—Å–∫ –ø—Ä–∏–ª–æ–∂–µ–Ω–∏—è...
[2025-12-10 22:15:08] INFO [app.main:42] - üìä –ò–Ω–∏—Ü–∏–∞–ª–∏–∑–∞—Ü–∏—è –±–∞–∑—ã –¥–∞–Ω–Ω—ã—Ö...
[2025-12-10 22:15:08] INFO [app.main:44] - ‚úÖ –ü—Ä–∏–ª–æ–∂–µ–Ω–∏–µ —É—Å–ø–µ—à–Ω–æ –∑–∞–ø—É—â–µ–Ω–æ
[2025-12-10 22:15:13] INFO [app.main:49] - üõë –ó–∞–≤–µ—Ä—à–µ–Ω–∏–µ —Ä–∞–±–æ—Ç—ã –ø—Ä–∏–ª–æ–∂–µ–Ω–∏—è...
[2025-12-10 22:15:13] INFO [app.main:50] - ‚úÖ –ü—Ä–∏–ª–æ–∂–µ–Ω–∏–µ –æ—Å—Ç–∞–Ω–æ–≤–ª–µ–Ω–æ
[2025-12-10 22:15:13] INFO [root:55] - ================================================================================
[2025-12-10 22:15:13] INFO [root:56] - –õ–æ–≥–∏—Ä–æ–≤–∞–Ω–∏–µ –Ω–∞—Å—Ç—Ä–æ–µ–Ω–æ. –§–∞–π–ª: logs/app.log, –£—Ä–æ–≤–µ–Ω—å: INFO
[2025-12-10 22:15:13] INFO [root:57] - ================================================================================
[2025-12-10 22:15:13] INFO [app.main:41] - üöÄ –ó–∞–ø—É—Å–∫ –ø—Ä–∏–ª–æ–∂–µ–Ω–∏—è...
[2025-12-10 22:15:13] INFO [app.main:42] - üìä –ò–Ω–∏—Ü–∏–∞–ª–∏–∑–∞—Ü–∏—è –±–∞–∑—ã –¥–∞–Ω–Ω—ã—Ö...
[2025-12-10 22:15:13] INFO [app.main:44] - ‚úÖ –ü—Ä–∏–ª–æ–∂–µ–Ω–∏–µ —É—Å–ø–µ—à–Ω–æ –∑–∞–ø—É—â–µ–Ω–æ
[2025-12-10 22:15:22] INFO [app.main:49] - üõë –ó–∞–≤–µ—Ä—à–µ–Ω–∏–µ —Ä–∞–±–æ—Ç—ã –ø—Ä–∏–ª–æ–∂–µ–Ω–∏—è...
[2025-12-10 22:15:22] INFO [app.main:50] - ‚úÖ –ü—Ä–∏–ª–æ–∂–µ–Ω–∏–µ –æ—Å—Ç–∞–Ω–æ–≤–ª–µ–Ω–æ
[2025-12-10 22:15:23] INFO [root:55] - ================================================================================
[2025-12-10 22:15:23] INFO [root:56] - –õ–æ–≥–∏—Ä–æ–≤–∞–Ω–∏–µ –Ω–∞—Å—Ç—Ä–æ–µ–Ω–æ. –§–∞–π–ª: logs/app.log, –£—Ä–æ–≤–µ–Ω—å: INFO
[2025-12-10 22:15:23] INFO [root:57] - ================================================================================
[2025-12-10 22:15:23] INFO [app.main:41] - üöÄ –ó–∞–ø—É—Å–∫ –ø—Ä–∏–ª–æ–∂–µ–Ω–∏—è...
[2025-12-10 22:15:23] INFO [app.main:42] - üìä –ò–Ω–∏—Ü–∏–∞–ª–∏–∑–∞—Ü–∏—è –±–∞–∑—ã –¥–∞–Ω–Ω—ã—Ö...
[2025-12-10 22:15:23] INFO [app.main:44] - ‚úÖ –ü—Ä–∏–ª–æ–∂–µ–Ω–∏–µ —É—Å–ø–µ—à–Ω–æ –∑–∞–ø—É—â–µ–Ω–æ
[2025-12-10 22:15:33] INFO [app.main:49] - üõë –ó–∞–≤–µ—Ä—à–µ–Ω–∏–µ —Ä–∞–±–æ—Ç—ã –ø—Ä–∏–ª–æ–∂–µ–Ω–∏—è...
[2025-12-10 22:15:33] INFO [app.main:50] - ‚úÖ –ü—Ä–∏–ª–æ–∂–µ–Ω–∏–µ –æ—Å—Ç–∞–Ω–æ–≤–ª–µ–Ω–æ
[2025-12-10 22:15:33] INFO [root:55] - ================================================================================
[2025-12-10 22:15:33] INFO [root:56] - –õ–æ–≥–∏—Ä–æ–≤–∞–Ω–∏–µ –Ω–∞—Å—Ç—Ä–æ–µ–Ω–æ. –§–∞–π–ª: logs/app.log, –£—Ä–æ–≤–µ–Ω—å: INFO
[2025-12-10 22:15:33] INFO [root:57] - ================================================================================
[2025-12-10 22:15:33] INFO [app.main:41] - üöÄ –ó–∞–ø—É—Å–∫ –ø—Ä–∏–ª–æ–∂–µ–Ω–∏—è...
[2025-12-10 22:15:33] INFO [app.main:42] - üìä –ò–Ω–∏—Ü–∏–∞–ª–∏–∑–∞—Ü–∏—è –±–∞–∑—ã –¥–∞–Ω–Ω—ã—Ö...
[2025-12-10 22:15:33] INFO [app.main:44] - ‚úÖ –ü—Ä–∏–ª–æ–∂–µ–Ω–∏–µ —É—Å–ø–µ—à–Ω–æ –∑–∞–ø—É—â–µ–Ω–æ
[2025-12-10 22:15:56] INFO [app.main:49] - üõë –ó–∞–≤–µ—Ä—à–µ–Ω–∏–µ —Ä–∞–±–æ—Ç—ã –ø—Ä–∏–ª–æ–∂–µ–Ω–∏—è...
[2025-12-10 22:15:56] INFO [app.main:50] - ‚úÖ –ü—Ä–∏–ª–æ–∂–µ–Ω–∏–µ –æ—Å—Ç–∞–Ω–æ–≤–ª–µ–Ω–æ
[2025-12-10 22:15:57] INFO [root:55] - ================================================================================
[2025-12-10 22:15:57] INFO [root:56] - –õ–æ–≥–∏—Ä–æ–≤–∞–Ω–∏–µ –Ω–∞—Å—Ç—Ä–æ–µ–Ω–æ. –§–∞–π–ª: logs/app.log, –£—Ä–æ–≤–µ–Ω—å: INFO
[2025-12-10 22:15:57] INFO [root:57] - ================================================================================
[2025-12-10 22:15:57] INFO [app.main:41] - üöÄ –ó–∞–ø—É—Å–∫ –ø—Ä–∏–ª–æ–∂–µ–Ω–∏—è...
[2025-12-10 22:15:57] INFO [app.main:42] - üìä –ò–Ω–∏—Ü–∏–∞–ª–∏–∑–∞—Ü–∏—è –±–∞–∑—ã –¥–∞–Ω–Ω—ã—Ö...
[2025-12-10 22:15:57] INFO [app.main:44] - ‚úÖ –ü—Ä–∏–ª–æ–∂–µ–Ω–∏–µ —É—Å–ø–µ—à–Ω–æ –∑–∞–ø—É—â–µ–Ω–æ
[2025-12-11 13:26:25] INFO [app.main:49] - üõë –ó–∞–≤–µ—Ä—à–µ–Ω–∏–µ —Ä–∞–±–æ—Ç—ã –ø—Ä–∏–ª–æ–∂–µ–Ω–∏—è...
[2025-12-11 13:26:25] INFO [app.main:50] - ‚úÖ –ü—Ä–∏–ª–æ–∂–µ–Ω–∏–µ –æ—Å—Ç–∞–Ω–æ–≤–ª–µ–Ω–æ
[2025-12-11 23:55:11] INFO [root:55] - ================================================================================
[2025-12-11 23:55:11] INFO [root:56] - –õ–æ–≥–∏—Ä–æ–≤–∞–Ω–∏–µ –Ω–∞—Å—Ç—Ä–æ–µ–Ω–æ. –§–∞–π–ª: logs/app.log, –£—Ä–æ–≤–µ–Ω—å: INFO
[2025-12-11 23:55:11] INFO [root:57] - ================================================================================
[2025-12-11 23:55:11] INFO [app.main:41] - üöÄ –ó–∞–ø—É—Å–∫ –ø—Ä–∏–ª–æ–∂–µ–Ω–∏—è...
[2025-12-11 23:55:11] INFO [app.main:42] - üìä –ò–Ω–∏—Ü–∏–∞–ª–∏–∑–∞—Ü–∏—è –±–∞–∑—ã –¥–∞–Ω–Ω—ã—Ö...
[2025-12-11 23:55:11] INFO [app.main:44] - ‚úÖ –ü—Ä–∏–ª–æ–∂–µ–Ω–∏–µ —É—Å–ø–µ—à–Ω–æ –∑–∞–ø—É—â–µ–Ω–æ
[2025-12-12 13:52:15] INFO [app.main:49] - üõë –ó–∞–≤–µ—Ä—à–µ–Ω–∏–µ —Ä–∞–±–æ—Ç—ã –ø—Ä–∏–ª–æ–∂–µ–Ω–∏—è...
[2025-12-12 13:52:15] INFO [app.main:50] - ‚úÖ –ü—Ä–∏–ª–æ–∂–µ–Ω–∏–µ –æ—Å—Ç–∞–Ω–æ–≤–ª–µ–Ω–æ
[2025-12-12 13:52:16] INFO [root:55] - ================================================================================
[2025-12-12 13:52:16] INFO [root:56] - –õ–æ–≥–∏—Ä–æ–≤–∞–Ω–∏–µ –Ω–∞—Å—Ç—Ä–æ–µ–Ω–æ. –§–∞–π–ª: logs/app.log, –£—Ä–æ–≤–µ–Ω—å: INFO
[2025-12-12 13:52:16] INFO [root:57] - ================================================================================
[2025-12-12 13:52:16] INFO [app.main:41] - üöÄ –ó–∞–ø—É—Å–∫ –ø—Ä–∏–ª–æ–∂–µ–Ω–∏—è...
[2025-12-12 13:52:16] INFO [app.main:42] - üìä –ò–Ω–∏—Ü–∏–∞–ª–∏–∑–∞—Ü–∏—è –±–∞–∑—ã –¥–∞–Ω–Ω—ã—Ö...
[2025-12-12 13:52:16] INFO [app.main:44] - ‚úÖ –ü—Ä–∏–ª–æ–∂–µ–Ω–∏–µ —É—Å–ø–µ—à–Ω–æ –∑–∞–ø—É—â–µ–Ω–æ
[2025-12-12 13:52:49] INFO [app.main:49] - üõë –ó–∞–≤–µ—Ä—à–µ–Ω–∏–µ —Ä–∞–±–æ—Ç—ã –ø—Ä–∏–ª–æ–∂–µ–Ω–∏—è...
[2025-12-12 13:52:49] INFO [app.main:50] - ‚úÖ –ü—Ä–∏–ª–æ–∂–µ–Ω–∏–µ –æ—Å—Ç–∞–Ω–æ–≤–ª–µ–Ω–æ
[2025-12-12 13:52:49] INFO [root:55] - ================================================================================
[2025-12-12 13:52:49] INFO [root:56] - –õ–æ–≥–∏—Ä–æ–≤–∞–Ω–∏–µ –Ω–∞—Å—Ç—Ä–æ–µ–Ω–æ. –§–∞–π–ª: logs/app.log, –£—Ä–æ–≤–µ–Ω—å: INFO
[2025-12-12 13:52:49] INFO [root:57] - ================================================================================
[2025-12-12 13:52:49] INFO [app.main:41] - üöÄ –ó–∞–ø—É—Å–∫ –ø—Ä–∏–ª–æ–∂–µ–Ω–∏—è...
[2025-12-12 13:52:49] INFO [app.main:42] - üìä –ò–Ω–∏—Ü–∏–∞–ª–∏–∑–∞—Ü–∏—è –±–∞–∑—ã –¥–∞–Ω–Ω—ã—Ö...
[2025-12-12 13:52:49] INFO [app.main:44] - ‚úÖ –ü—Ä–∏–ª–æ–∂–µ–Ω–∏–µ —É—Å–ø–µ—à–Ω–æ –∑–∞–ø—É—â–µ–Ω–æ
[2025-12-12 13:57:34] INFO [app.services.patient_service:89] - –ü–æ–ª—É—á–µ–Ω–∏–µ –ø–∞—Ü–∏–µ–Ω—Ç–∞ —Å ID=9999
[2025-12-12 13:57:34] WARNING [app.services.patient_service:94] - –ü–∞—Ü–∏–µ–Ω—Ç —Å ID=9999 –Ω–µ –Ω–∞–π–¥–µ–Ω
[2025-12-12 13:58:33] WARNING [app.problem_details:85] - Validation error: [{'type': 'missing', 'loc': ('body', 'fio'), 'msg': 'Field required', 'input': {}}, {'type': 'missing', 'loc': ('body', 'birth_date'), 'msg': 'Field required', 'input': {}}, {'type': 'missing', 'loc': ('body', 'phone'), 'msg': 'Field required', 'input': {}}, {'type': 'missing', 'loc': ('body', 'address'), 'msg': 'Field required', 'input': {}}, {'type': 'missing', 'loc': ('body', 'insurance_number'), 'msg': 'Field required', 'input': {}}]
[2025-12-12 20:22:36] INFO [app.main:49] - üõë –ó–∞–≤–µ—Ä—à–µ–Ω–∏–µ —Ä–∞–±–æ—Ç—ã –ø—Ä–∏–ª–æ–∂–µ–Ω–∏—è...
[2025-12-12 20:22:36] INFO [app.main:50] - ‚úÖ –ü—Ä–∏–ª–æ–∂–µ–Ω–∏–µ –æ—Å—Ç–∞–Ω–æ–≤–ª–µ–Ω–æ
[2025-12-12 20:22:37] INFO [root:55] - ================================================================================
[2025-12-12 20:22:37] INFO [root:56] - –õ–æ–≥–∏—Ä–æ–≤–∞–Ω–∏–µ –Ω–∞—Å—Ç—Ä–æ–µ–Ω–æ. –§–∞–π–ª: logs/app.log, –£—Ä–æ–≤–µ–Ω—å: INFO
[2025-12-12 20:22:37] INFO [root:57] - ================================================================================
[2025-12-12 20:22:37] INFO [app.main:41] - üöÄ –ó–∞–ø—É—Å–∫ –ø—Ä–∏–ª–æ–∂–µ–Ω–∏—è...
[2025-12-12 20:22:37] INFO [app.main:42] - üìä –ò–Ω–∏—Ü–∏–∞–ª–∏–∑–∞—Ü–∏—è –±–∞–∑—ã –¥–∞–Ω–Ω—ã—Ö...
[2025-12-12 20:22:37] INFO [app.main:44] - ‚úÖ –ü—Ä–∏–ª–æ–∂–µ–Ω–∏–µ —É—Å–ø–µ—à–Ω–æ –∑–∞–ø—É—â–µ–Ω–æ
[2025-12-19 14:03:53] INFO [app.main:38] - üöÄ –ó–∞–ø—É—Å–∫ –ø—Ä–∏–ª–æ–∂–µ–Ω–∏—è...
[2025-12-19 14:03:53] INFO [app.main:40] - ‚úÖ –ü—Ä–∏–ª–æ–∂–µ–Ω–∏–µ –∑–∞–ø—É—â–µ–Ω–æ
[2025-12-19 14:05:03] INFO [app.main:42] - üõë –ü—Ä–∏–ª–æ–∂–µ–Ω–∏–µ –æ—Å—Ç–∞–Ω–æ–≤–ª–µ–Ω–æ
[2025-12-19 14:05:10] INFO [app.main:38] - üöÄ –ó–∞–ø—É—Å–∫ –ø—Ä–∏–ª–æ–∂–µ–Ω–∏—è...
[2025-12-19 14:05:10] INFO [app.main:40] - ‚úÖ –ü—Ä–∏–ª–æ–∂–µ–Ω–∏–µ –∑–∞–ø—É—â–µ–Ω–æ
[2025-12-19 14:09:17] ERROR [app.problem_details:57] - Unhandled exception: (sqlite3.OperationalError) no such column: doctors.cabinet_id
[SQL: SELECT doctors.id AS doctors_id, doctors.fio AS doctors_fio, doctors.cabinet_id AS doctors_cabinet_id, doctors.phone AS doctors_phone, doctors.experience_years AS doctors_experience_years 
FROM doctors
 LIMIT ? OFFSET ?]
[parameters: (100, 0)]
(Background on this error at: https://sqlalche.me/e/20/e3q8)
Traceback (most recent call last):
  File "/Users/buzeoff/Desktop/clinic_rest_service/.venv/lib/python3.13/site-packages/sqlalchemy/engine/base.py", line 1967, in _exec_single_context
    self.dialect.do_execute(
    ~~~~~~~~~~~~~~~~~~~~~~~^
        cursor, str_statement, effective_parameters, context
        ^^^^^^^^^^^^^^^^^^^^^^^^^^^^^^^^^^^^^^^^^^^^^^^^^^^^
    )
    ^
  File "/Users/buzeoff/Desktop/clinic_rest_service/.venv/lib/python3.13/site-packages/sqlalchemy/engine/default.py", line 952, in do_execute
    cursor.execute(statement, parameters)
    ~~~~~~~~~~~~~~^^^^^^^^^^^^^^^^^^^^^^^
sqlite3.OperationalError: no such column: doctors.cabinet_id

The above exception was the direct cause of the following exception:

Traceback (most recent call last):
  File "/Users/buzeoff/Desktop/clinic_rest_service/.venv/lib/python3.13/site-packages/starlette/middleware/errors.py", line 164, in __call__
    await self.app(scope, receive, _send)
  File "/Users/buzeoff/Desktop/clinic_rest_service/.venv/lib/python3.13/site-packages/starlette/middleware/cors.py", line 85, in __call__
    await self.app(scope, receive, send)
  File "/Users/buzeoff/Desktop/clinic_rest_service/.venv/lib/python3.13/site-packages/starlette/middleware/exceptions.py", line 63, in __call__
    await wrap_app_handling_exceptions(self.app, conn)(scope, receive, send)
  File "/Users/buzeoff/Desktop/clinic_rest_service/.venv/lib/python3.13/site-packages/starlette/_exception_handler.py", line 53, in wrapped_app
    raise exc
  File "/Users/buzeoff/Desktop/clinic_rest_service/.venv/lib/python3.13/site-packages/starlette/_exception_handler.py", line 42, in wrapped_app
    await app(scope, receive, sender)
  File "/Users/buzeoff/Desktop/clinic_rest_service/.venv/lib/python3.13/site-packages/fastapi/middleware/asyncexitstack.py", line 18, in __call__
    await self.app(scope, receive, send)
  File "/Users/buzeoff/Desktop/clinic_rest_service/.venv/lib/python3.13/site-packages/starlette/routing.py", line 716, in __call__
    await self.middleware_stack(scope, receive, send)
  File "/Users/buzeoff/Desktop/clinic_rest_service/.venv/lib/python3.13/site-packages/starlette/routing.py", line 736, in app
    await route.handle(scope, receive, send)
  File "/Users/buzeoff/Desktop/clinic_rest_service/.venv/lib/python3.13/site-packages/starlette/routing.py", line 290, in handle
    await self.app(scope, receive, send)
  File "/Users/buzeoff/Desktop/clinic_rest_service/.venv/lib/python3.13/site-packages/fastapi/routing.py", line 120, in app
    await wrap_app_handling_exceptions(app, request)(scope, receive, send)
  File "/Users/buzeoff/Desktop/clinic_rest_service/.venv/lib/python3.13/site-packages/starlette/_exception_handler.py", line 53, in wrapped_app
    raise exc
  File "/Users/buzeoff/Desktop/clinic_rest_service/.venv/lib/python3.13/site-packages/starlette/_exception_handler.py", line 42, in wrapped_app
    await app(scope, receive, sender)
  File "/Users/buzeoff/Desktop/clinic_rest_service/.venv/lib/python3.13/site-packages/fastapi/routing.py", line 106, in app
    response = await f(request)
               ^^^^^^^^^^^^^^^^
  File "/Users/buzeoff/Desktop/clinic_rest_service/.venv/lib/python3.13/site-packages/fastapi/routing.py", line 430, in app
    raw_response = await run_endpoint_function(
                   ^^^^^^^^^^^^^^^^^^^^^^^^^^^^
    ...<3 lines>...
    )
    ^
  File "/Users/buzeoff/Desktop/clinic_rest_service/.venv/lib/python3.13/site-packages/fastapi/routing.py", line 318, in run_endpoint_function
    return await run_in_threadpool(dependant.call, **values)
           ^^^^^^^^^^^^^^^^^^^^^^^^^^^^^^^^^^^^^^^^^^^^^^^^^
  File "/Users/buzeoff/Desktop/clinic_rest_service/.venv/lib/python3.13/site-packages/starlette/concurrency.py", line 32, in run_in_threadpool
    return await anyio.to_thread.run_sync(func)
           ^^^^^^^^^^^^^^^^^^^^^^^^^^^^^^^^^^^^
  File "/Users/buzeoff/Desktop/clinic_rest_service/.venv/lib/python3.13/site-packages/anyio/to_thread.py", line 61, in run_sync
    return await get_async_backend().run_sync_in_worker_thread(
           ^^^^^^^^^^^^^^^^^^^^^^^^^^^^^^^^^^^^^^^^^^^^^^^^^^^^
        func, args, abandon_on_cancel=abandon_on_cancel, limiter=limiter
        ^^^^^^^^^^^^^^^^^^^^^^^^^^^^^^^^^^^^^^^^^^^^^^^^^^^^^^^^^^^^^^^^
    )
    ^
  File "/Users/buzeoff/Desktop/clinic_rest_service/.venv/lib/python3.13/site-packages/anyio/_backends/_asyncio.py", line 2525, in run_sync_in_worker_thread
    return await future
           ^^^^^^^^^^^^
  File "/Users/buzeoff/Desktop/clinic_rest_service/.venv/lib/python3.13/site-packages/anyio/_backends/_asyncio.py", line 986, in run
    result = context.run(func, *args)
  File "/Users/buzeoff/Desktop/clinic_rest_service/app/controllers/doctor_controller.py", line 54, in get_doctors
    return service.get_all_doctors(skip=skip, limit=limit)
           ~~~~~~~~~~~~~~~~~~~~~~~^^^^^^^^^^^^^^^^^^^^^^^^
  File "/Users/buzeoff/Desktop/clinic_rest_service/app/services/doctor_service.py", line 62, in get_all_doctors
    return self.db.query(DoctorDB).offset(skip).limit(limit).all()
           ~~~~~~~~~~~~~~~~~~~~~~~~~~~~~~~~~~~~~~~~~~~~~~~~~~~~~^^
  File "/Users/buzeoff/Desktop/clinic_rest_service/.venv/lib/python3.13/site-packages/sqlalchemy/orm/query.py", line 2704, in all
    return self._iter().all()  # type: ignore
           ~~~~~~~~~~^^
  File "/Users/buzeoff/Desktop/clinic_rest_service/.venv/lib/python3.13/site-packages/sqlalchemy/orm/query.py", line 2857, in _iter
    result: Union[ScalarResult[_T], Result[_T]] = self.session.execute(
                                                  ~~~~~~~~~~~~~~~~~~~~^
        statement,
        ^^^^^^^^^^
        params,
        ^^^^^^^
        execution_options={"_sa_orm_load_options": self.load_options},
        ^^^^^^^^^^^^^^^^^^^^^^^^^^^^^^^^^^^^^^^^^^^^^^^^^^^^^^^^^^^^^^
    )
    ^
  File "/Users/buzeoff/Desktop/clinic_rest_service/.venv/lib/python3.13/site-packages/sqlalchemy/orm/session.py", line 2351, in execute
    return self._execute_internal(
           ~~~~~~~~~~~~~~~~~~~~~~^
        statement,
        ^^^^^^^^^^
    ...<4 lines>...
        _add_event=_add_event,
        ^^^^^^^^^^^^^^^^^^^^^^
    )
    ^
  File "/Users/buzeoff/Desktop/clinic_rest_service/.venv/lib/python3.13/site-packages/sqlalchemy/orm/session.py", line 2249, in _execute_internal
    result: Result[Any] = compile_state_cls.orm_execute_statement(
                          ~~~~~~~~~~~~~~~~~~~~~~~~~~~~~~~~~~~~~~~^
        self,
        ^^^^^
    ...<4 lines>...
        conn,
        ^^^^^
    )
    ^
  File "/Users/buzeoff/Desktop/clinic_rest_service/.venv/lib/python3.13/site-packages/sqlalchemy/orm/context.py", line 306, in orm_execute_statement
    result = conn.execute(
        statement, params or {}, execution_options=execution_options
    )
  File "/Users/buzeoff/Desktop/clinic_rest_service/.venv/lib/python3.13/site-packages/sqlalchemy/engine/base.py", line 1419, in execute
    return meth(
        self,
        distilled_parameters,
        execution_options or NO_OPTIONS,
    )
  File "/Users/buzeoff/Desktop/clinic_rest_service/.venv/lib/python3.13/site-packages/sqlalchemy/sql/elements.py", line 527, in _execute_on_connection
    return connection._execute_clauseelement(
           ~~~~~~~~~~~~~~~~~~~~~~~~~~~~~~~~~^
        self, distilled_params, execution_options
        ^^^^^^^^^^^^^^^^^^^^^^^^^^^^^^^^^^^^^^^^^
    )
    ^
  File "/Users/buzeoff/Desktop/clinic_rest_service/.venv/lib/python3.13/site-packages/sqlalchemy/engine/base.py", line 1641, in _execute_clauseelement
    ret = self._execute_context(
        dialect,
    ...<8 lines>...
        cache_hit=cache_hit,
    )
  File "/Users/buzeoff/Desktop/clinic_rest_service/.venv/lib/python3.13/site-packages/sqlalchemy/engine/base.py", line 1846, in _execute_context
    return self._exec_single_context(
           ~~~~~~~~~~~~~~~~~~~~~~~~~^
        dialect, context, statement, parameters
        ^^^^^^^^^^^^^^^^^^^^^^^^^^^^^^^^^^^^^^^
    )
    ^
  File "/Users/buzeoff/Desktop/clinic_rest_service/.venv/lib/python3.13/site-packages/sqlalchemy/engine/base.py", line 1986, in _exec_single_context
    self._handle_dbapi_exception(
    ~~~~~~~~~~~~~~~~~~~~~~~~~~~~^
        e, str_statement, effective_parameters, cursor, context
        ^^^^^^^^^^^^^^^^^^^^^^^^^^^^^^^^^^^^^^^^^^^^^^^^^^^^^^^
    )
    ^
  File "/Users/buzeoff/Desktop/clinic_rest_service/.venv/lib/python3.13/site-packages/sqlalchemy/engine/base.py", line 2363, in _handle_dbapi_exception
    raise sqlalchemy_exception.with_traceback(exc_info[2]) from e
  File "/Users/buzeoff/Desktop/clinic_rest_service/.venv/lib/python3.13/site-packages/sqlalchemy/engine/base.py", line 1967, in _exec_single_context
    self.dialect.do_execute(
    ~~~~~~~~~~~~~~~~~~~~~~~^
        cursor, str_statement, effective_parameters, context
        ^^^^^^^^^^^^^^^^^^^^^^^^^^^^^^^^^^^^^^^^^^^^^^^^^^^^
    )
    ^
  File "/Users/buzeoff/Desktop/clinic_rest_service/.venv/lib/python3.13/site-packages/sqlalchemy/engine/default.py", line 952, in do_execute
    cursor.execute(statement, parameters)
    ~~~~~~~~~~~~~~^^^^^^^^^^^^^^^^^^^^^^^
sqlalchemy.exc.OperationalError: (sqlite3.OperationalError) no such column: doctors.cabinet_id
[SQL: SELECT doctors.id AS doctors_id, doctors.fio AS doctors_fio, doctors.cabinet_id AS doctors_cabinet_id, doctors.phone AS doctors_phone, doctors.experience_years AS doctors_experience_years 
FROM doctors
 LIMIT ? OFFSET ?]
[parameters: (100, 0)]
(Background on this error at: https://sqlalche.me/e/20/e3q8)
[2025-12-19 14:15:37] INFO [app.main:42] - üõë –ü—Ä–∏–ª–æ–∂–µ–Ω–∏–µ –æ—Å—Ç–∞–Ω–æ–≤–ª–µ–Ω–æ
[2025-12-19 14:15:37] INFO [app.main:38] - üöÄ –ó–∞–ø—É—Å–∫ –ø—Ä–∏–ª–æ–∂–µ–Ω–∏—è...
[2025-12-19 14:15:37] INFO [app.main:40] - ‚úÖ –ü—Ä–∏–ª–æ–∂–µ–Ω–∏–µ –∑–∞–ø—É—â–µ–Ω–æ
[2025-12-19 14:15:51] INFO [app.main:42] - üõë –ü—Ä–∏–ª–æ–∂–µ–Ω–∏–µ –æ—Å—Ç–∞–Ω–æ–≤–ª–µ–Ω–æ
[2025-12-19 14:16:04] INFO [app.main:38] - üöÄ –ó–∞–ø—É—Å–∫ –ø—Ä–∏–ª–æ–∂–µ–Ω–∏—è...
[2025-12-19 14:16:04] INFO [app.main:40] - ‚úÖ –ü—Ä–∏–ª–æ–∂–µ–Ω–∏–µ –∑–∞–ø—É—â–µ–Ω–æ
[2025-12-19 14:16:51] ERROR [app.problem_details:57] - Unhandled exception: (sqlite3.OperationalError) no such column: doctors.cabinet_id
[SQL: SELECT doctors.id AS doctors_id, doctors.fio AS doctors_fio, doctors.cabinet_id AS doctors_cabinet_id, doctors.phone AS doctors_phone, doctors.experience_years AS doctors_experience_years 
FROM doctors 
WHERE doctors.id = ?
 LIMIT ? OFFSET ?]
[parameters: (17, 1, 0)]
(Background on this error at: https://sqlalche.me/e/20/e3q8)
Traceback (most recent call last):
  File "/Users/buzeoff/Desktop/clinic_rest_service/.venv/lib/python3.13/site-packages/sqlalchemy/engine/base.py", line 1967, in _exec_single_context
    self.dialect.do_execute(
    ~~~~~~~~~~~~~~~~~~~~~~~^
        cursor, str_statement, effective_parameters, context
        ^^^^^^^^^^^^^^^^^^^^^^^^^^^^^^^^^^^^^^^^^^^^^^^^^^^^
    )
    ^
  File "/Users/buzeoff/Desktop/clinic_rest_service/.venv/lib/python3.13/site-packages/sqlalchemy/engine/default.py", line 952, in do_execute
    cursor.execute(statement, parameters)
    ~~~~~~~~~~~~~~^^^^^^^^^^^^^^^^^^^^^^^
sqlite3.OperationalError: no such column: doctors.cabinet_id

The above exception was the direct cause of the following exception:

Traceback (most recent call last):
  File "/Users/buzeoff/Desktop/clinic_rest_service/.venv/lib/python3.13/site-packages/starlette/middleware/errors.py", line 164, in __call__
    await self.app(scope, receive, _send)
  File "/Users/buzeoff/Desktop/clinic_rest_service/.venv/lib/python3.13/site-packages/starlette/middleware/cors.py", line 85, in __call__
    await self.app(scope, receive, send)
  File "/Users/buzeoff/Desktop/clinic_rest_service/.venv/lib/python3.13/site-packages/starlette/middleware/exceptions.py", line 63, in __call__
    await wrap_app_handling_exceptions(self.app, conn)(scope, receive, send)
  File "/Users/buzeoff/Desktop/clinic_rest_service/.venv/lib/python3.13/site-packages/starlette/_exception_handler.py", line 53, in wrapped_app
    raise exc
  File "/Users/buzeoff/Desktop/clinic_rest_service/.venv/lib/python3.13/site-packages/starlette/_exception_handler.py", line 42, in wrapped_app
    await app(scope, receive, sender)
  File "/Users/buzeoff/Desktop/clinic_rest_service/.venv/lib/python3.13/site-packages/fastapi/middleware/asyncexitstack.py", line 18, in __call__
    await self.app(scope, receive, send)
  File "/Users/buzeoff/Desktop/clinic_rest_service/.venv/lib/python3.13/site-packages/starlette/routing.py", line 716, in __call__
    await self.middleware_stack(scope, receive, send)
  File "/Users/buzeoff/Desktop/clinic_rest_service/.venv/lib/python3.13/site-packages/starlette/routing.py", line 736, in app
    await route.handle(scope, receive, send)
  File "/Users/buzeoff/Desktop/clinic_rest_service/.venv/lib/python3.13/site-packages/starlette/routing.py", line 290, in handle
    await self.app(scope, receive, send)
  File "/Users/buzeoff/Desktop/clinic_rest_service/.venv/lib/python3.13/site-packages/fastapi/routing.py", line 120, in app
    await wrap_app_handling_exceptions(app, request)(scope, receive, send)
  File "/Users/buzeoff/Desktop/clinic_rest_service/.venv/lib/python3.13/site-packages/starlette/_exception_handler.py", line 53, in wrapped_app
    raise exc
  File "/Users/buzeoff/Desktop/clinic_rest_service/.venv/lib/python3.13/site-packages/starlette/_exception_handler.py", line 42, in wrapped_app
    await app(scope, receive, sender)
  File "/Users/buzeoff/Desktop/clinic_rest_service/.venv/lib/python3.13/site-packages/fastapi/routing.py", line 106, in app
    response = await f(request)
               ^^^^^^^^^^^^^^^^
  File "/Users/buzeoff/Desktop/clinic_rest_service/.venv/lib/python3.13/site-packages/fastapi/routing.py", line 430, in app
    raw_response = await run_endpoint_function(
                   ^^^^^^^^^^^^^^^^^^^^^^^^^^^^
    ...<3 lines>...
    )
    ^
  File "/Users/buzeoff/Desktop/clinic_rest_service/.venv/lib/python3.13/site-packages/fastapi/routing.py", line 318, in run_endpoint_function
    return await run_in_threadpool(dependant.call, **values)
           ^^^^^^^^^^^^^^^^^^^^^^^^^^^^^^^^^^^^^^^^^^^^^^^^^
  File "/Users/buzeoff/Desktop/clinic_rest_service/.venv/lib/python3.13/site-packages/starlette/concurrency.py", line 32, in run_in_threadpool
    return await anyio.to_thread.run_sync(func)
           ^^^^^^^^^^^^^^^^^^^^^^^^^^^^^^^^^^^^
  File "/Users/buzeoff/Desktop/clinic_rest_service/.venv/lib/python3.13/site-packages/anyio/to_thread.py", line 61, in run_sync
    return await get_async_backend().run_sync_in_worker_thread(
           ^^^^^^^^^^^^^^^^^^^^^^^^^^^^^^^^^^^^^^^^^^^^^^^^^^^^
        func, args, abandon_on_cancel=abandon_on_cancel, limiter=limiter
        ^^^^^^^^^^^^^^^^^^^^^^^^^^^^^^^^^^^^^^^^^^^^^^^^^^^^^^^^^^^^^^^^
    )
    ^
  File "/Users/buzeoff/Desktop/clinic_rest_service/.venv/lib/python3.13/site-packages/anyio/_backends/_asyncio.py", line 2525, in run_sync_in_worker_thread
    return await future
           ^^^^^^^^^^^^
  File "/Users/buzeoff/Desktop/clinic_rest_service/.venv/lib/python3.13/site-packages/anyio/_backends/_asyncio.py", line 986, in run
    result = context.run(func, *args)
  File "/Users/buzeoff/Desktop/clinic_rest_service/app/controllers/doctor_controller.py", line 33, in get_doctor
    return service.get_doctor_by_id(doctor_id)
           ~~~~~~~~~~~~~~~~~~~~~~~~^^^^^^^^^^^
  File "/Users/buzeoff/Desktop/clinic_rest_service/app/services/doctor_service.py", line 56, in get_doctor_by_id
    doctor = self.db.query(DoctorDB).filter(DoctorDB.id == doctor_id).first()
  File "/Users/buzeoff/Desktop/clinic_rest_service/.venv/lib/python3.13/site-packages/sqlalchemy/orm/query.py", line 2759, in first
    return self.limit(1)._iter().first()  # type: ignore
           ~~~~~~~~~~~~~~~~~~~^^
  File "/Users/buzeoff/Desktop/clinic_rest_service/.venv/lib/python3.13/site-packages/sqlalchemy/orm/query.py", line 2857, in _iter
    result: Union[ScalarResult[_T], Result[_T]] = self.session.execute(
                                                  ~~~~~~~~~~~~~~~~~~~~^
        statement,
        ^^^^^^^^^^
        params,
        ^^^^^^^
        execution_options={"_sa_orm_load_options": self.load_options},
        ^^^^^^^^^^^^^^^^^^^^^^^^^^^^^^^^^^^^^^^^^^^^^^^^^^^^^^^^^^^^^^
    )
    ^
  File "/Users/buzeoff/Desktop/clinic_rest_service/.venv/lib/python3.13/site-packages/sqlalchemy/orm/session.py", line 2351, in execute
    return self._execute_internal(
           ~~~~~~~~~~~~~~~~~~~~~~^
        statement,
        ^^^^^^^^^^
    ...<4 lines>...
        _add_event=_add_event,
        ^^^^^^^^^^^^^^^^^^^^^^
    )
    ^
  File "/Users/buzeoff/Desktop/clinic_rest_service/.venv/lib/python3.13/site-packages/sqlalchemy/orm/session.py", line 2249, in _execute_internal
    result: Result[Any] = compile_state_cls.orm_execute_statement(
                          ~~~~~~~~~~~~~~~~~~~~~~~~~~~~~~~~~~~~~~~^
        self,
        ^^^^^
    ...<4 lines>...
        conn,
        ^^^^^
    )
    ^
  File "/Users/buzeoff/Desktop/clinic_rest_service/.venv/lib/python3.13/site-packages/sqlalchemy/orm/context.py", line 306, in orm_execute_statement
    result = conn.execute(
        statement, params or {}, execution_options=execution_options
    )
  File "/Users/buzeoff/Desktop/clinic_rest_service/.venv/lib/python3.13/site-packages/sqlalchemy/engine/base.py", line 1419, in execute
    return meth(
        self,
        distilled_parameters,
        execution_options or NO_OPTIONS,
    )
  File "/Users/buzeoff/Desktop/clinic_rest_service/.venv/lib/python3.13/site-packages/sqlalchemy/sql/elements.py", line 527, in _execute_on_connection
    return connection._execute_clauseelement(
           ~~~~~~~~~~~~~~~~~~~~~~~~~~~~~~~~~^
        self, distilled_params, execution_options
        ^^^^^^^^^^^^^^^^^^^^^^^^^^^^^^^^^^^^^^^^^
    )
    ^
  File "/Users/buzeoff/Desktop/clinic_rest_service/.venv/lib/python3.13/site-packages/sqlalchemy/engine/base.py", line 1641, in _execute_clauseelement
    ret = self._execute_context(
        dialect,
    ...<8 lines>...
        cache_hit=cache_hit,
    )
  File "/Users/buzeoff/Desktop/clinic_rest_service/.venv/lib/python3.13/site-packages/sqlalchemy/engine/base.py", line 1846, in _execute_context
    return self._exec_single_context(
           ~~~~~~~~~~~~~~~~~~~~~~~~~^
        dialect, context, statement, parameters
        ^^^^^^^^^^^^^^^^^^^^^^^^^^^^^^^^^^^^^^^
    )
    ^
  File "/Users/buzeoff/Desktop/clinic_rest_service/.venv/lib/python3.13/site-packages/sqlalchemy/engine/base.py", line 1986, in _exec_single_context
    self._handle_dbapi_exception(
    ~~~~~~~~~~~~~~~~~~~~~~~~~~~~^
        e, str_statement, effective_parameters, cursor, context
        ^^^^^^^^^^^^^^^^^^^^^^^^^^^^^^^^^^^^^^^^^^^^^^^^^^^^^^^
    )
    ^
  File "/Users/buzeoff/Desktop/clinic_rest_service/.venv/lib/python3.13/site-packages/sqlalchemy/engine/base.py", line 2363, in _handle_dbapi_exception
    raise sqlalchemy_exception.with_traceback(exc_info[2]) from e
  File "/Users/buzeoff/Desktop/clinic_rest_service/.venv/lib/python3.13/site-packages/sqlalchemy/engine/base.py", line 1967, in _exec_single_context
    self.dialect.do_execute(
    ~~~~~~~~~~~~~~~~~~~~~~~^
        cursor, str_statement, effective_parameters, context
        ^^^^^^^^^^^^^^^^^^^^^^^^^^^^^^^^^^^^^^^^^^^^^^^^^^^^
    )
    ^
  File "/Users/buzeoff/Desktop/clinic_rest_service/.venv/lib/python3.13/site-packages/sqlalchemy/engine/default.py", line 952, in do_execute
    cursor.execute(statement, parameters)
    ~~~~~~~~~~~~~~^^^^^^^^^^^^^^^^^^^^^^^
sqlalchemy.exc.OperationalError: (sqlite3.OperationalError) no such column: doctors.cabinet_id
[SQL: SELECT doctors.id AS doctors_id, doctors.fio AS doctors_fio, doctors.cabinet_id AS doctors_cabinet_id, doctors.phone AS doctors_phone, doctors.experience_years AS doctors_experience_years 
FROM doctors 
WHERE doctors.id = ?
 LIMIT ? OFFSET ?]
[parameters: (17, 1, 0)]
(Background on this error at: https://sqlalche.me/e/20/e3q8)
[2025-12-19 14:16:56] ERROR [app.problem_details:57] - Unhandled exception: (sqlite3.OperationalError) no such column: doctors.cabinet_id
[SQL: SELECT doctors.id AS doctors_id, doctors.fio AS doctors_fio, doctors.cabinet_id AS doctors_cabinet_id, doctors.phone AS doctors_phone, doctors.experience_years AS doctors_experience_years 
FROM doctors 
WHERE doctors.id = ?
 LIMIT ? OFFSET ?]
[parameters: (16, 1, 0)]
(Background on this error at: https://sqlalche.me/e/20/e3q8)
Traceback (most recent call last):
  File "/Users/buzeoff/Desktop/clinic_rest_service/.venv/lib/python3.13/site-packages/sqlalchemy/engine/base.py", line 1967, in _exec_single_context
    self.dialect.do_execute(
    ~~~~~~~~~~~~~~~~~~~~~~~^
        cursor, str_statement, effective_parameters, context
        ^^^^^^^^^^^^^^^^^^^^^^^^^^^^^^^^^^^^^^^^^^^^^^^^^^^^
    )
    ^
  File "/Users/buzeoff/Desktop/clinic_rest_service/.venv/lib/python3.13/site-packages/sqlalchemy/engine/default.py", line 952, in do_execute
    cursor.execute(statement, parameters)
    ~~~~~~~~~~~~~~^^^^^^^^^^^^^^^^^^^^^^^
sqlite3.OperationalError: no such column: doctors.cabinet_id

The above exception was the direct cause of the following exception:

Traceback (most recent call last):
  File "/Users/buzeoff/Desktop/clinic_rest_service/.venv/lib/python3.13/site-packages/starlette/middleware/errors.py", line 164, in __call__
    await self.app(scope, receive, _send)
  File "/Users/buzeoff/Desktop/clinic_rest_service/.venv/lib/python3.13/site-packages/starlette/middleware/cors.py", line 85, in __call__
    await self.app(scope, receive, send)
  File "/Users/buzeoff/Desktop/clinic_rest_service/.venv/lib/python3.13/site-packages/starlette/middleware/exceptions.py", line 63, in __call__
    await wrap_app_handling_exceptions(self.app, conn)(scope, receive, send)
  File "/Users/buzeoff/Desktop/clinic_rest_service/.venv/lib/python3.13/site-packages/starlette/_exception_handler.py", line 53, in wrapped_app
    raise exc
  File "/Users/buzeoff/Desktop/clinic_rest_service/.venv/lib/python3.13/site-packages/starlette/_exception_handler.py", line 42, in wrapped_app
    await app(scope, receive, sender)
  File "/Users/buzeoff/Desktop/clinic_rest_service/.venv/lib/python3.13/site-packages/fastapi/middleware/asyncexitstack.py", line 18, in __call__
    await self.app(scope, receive, send)
  File "/Users/buzeoff/Desktop/clinic_rest_service/.venv/lib/python3.13/site-packages/starlette/routing.py", line 716, in __call__
    await self.middleware_stack(scope, receive, send)
  File "/Users/buzeoff/Desktop/clinic_rest_service/.venv/lib/python3.13/site-packages/starlette/routing.py", line 736, in app
    await route.handle(scope, receive, send)
  File "/Users/buzeoff/Desktop/clinic_rest_service/.venv/lib/python3.13/site-packages/starlette/routing.py", line 290, in handle
    await self.app(scope, receive, send)
  File "/Users/buzeoff/Desktop/clinic_rest_service/.venv/lib/python3.13/site-packages/fastapi/routing.py", line 120, in app
    await wrap_app_handling_exceptions(app, request)(scope, receive, send)
  File "/Users/buzeoff/Desktop/clinic_rest_service/.venv/lib/python3.13/site-packages/starlette/_exception_handler.py", line 53, in wrapped_app
    raise exc
  File "/Users/buzeoff/Desktop/clinic_rest_service/.venv/lib/python3.13/site-packages/starlette/_exception_handler.py", line 42, in wrapped_app
    await app(scope, receive, sender)
  File "/Users/buzeoff/Desktop/clinic_rest_service/.venv/lib/python3.13/site-packages/fastapi/routing.py", line 106, in app
    response = await f(request)
               ^^^^^^^^^^^^^^^^
  File "/Users/buzeoff/Desktop/clinic_rest_service/.venv/lib/python3.13/site-packages/fastapi/routing.py", line 430, in app
    raw_response = await run_endpoint_function(
                   ^^^^^^^^^^^^^^^^^^^^^^^^^^^^
    ...<3 lines>...
    )
    ^
  File "/Users/buzeoff/Desktop/clinic_rest_service/.venv/lib/python3.13/site-packages/fastapi/routing.py", line 318, in run_endpoint_function
    return await run_in_threadpool(dependant.call, **values)
           ^^^^^^^^^^^^^^^^^^^^^^^^^^^^^^^^^^^^^^^^^^^^^^^^^
  File "/Users/buzeoff/Desktop/clinic_rest_service/.venv/lib/python3.13/site-packages/starlette/concurrency.py", line 32, in run_in_threadpool
    return await anyio.to_thread.run_sync(func)
           ^^^^^^^^^^^^^^^^^^^^^^^^^^^^^^^^^^^^
  File "/Users/buzeoff/Desktop/clinic_rest_service/.venv/lib/python3.13/site-packages/anyio/to_thread.py", line 61, in run_sync
    return await get_async_backend().run_sync_in_worker_thread(
           ^^^^^^^^^^^^^^^^^^^^^^^^^^^^^^^^^^^^^^^^^^^^^^^^^^^^
        func, args, abandon_on_cancel=abandon_on_cancel, limiter=limiter
        ^^^^^^^^^^^^^^^^^^^^^^^^^^^^^^^^^^^^^^^^^^^^^^^^^^^^^^^^^^^^^^^^
    )
    ^
  File "/Users/buzeoff/Desktop/clinic_rest_service/.venv/lib/python3.13/site-packages/anyio/_backends/_asyncio.py", line 2525, in run_sync_in_worker_thread
    return await future
           ^^^^^^^^^^^^
  File "/Users/buzeoff/Desktop/clinic_rest_service/.venv/lib/python3.13/site-packages/anyio/_backends/_asyncio.py", line 986, in run
    result = context.run(func, *args)
  File "/Users/buzeoff/Desktop/clinic_rest_service/app/controllers/doctor_controller.py", line 33, in get_doctor
    return service.get_doctor_by_id(doctor_id)
           ~~~~~~~~~~~~~~~~~~~~~~~~^^^^^^^^^^^
  File "/Users/buzeoff/Desktop/clinic_rest_service/app/services/doctor_service.py", line 56, in get_doctor_by_id
    doctor = self.db.query(DoctorDB).filter(DoctorDB.id == doctor_id).first()
  File "/Users/buzeoff/Desktop/clinic_rest_service/.venv/lib/python3.13/site-packages/sqlalchemy/orm/query.py", line 2759, in first
    return self.limit(1)._iter().first()  # type: ignore
           ~~~~~~~~~~~~~~~~~~~^^
  File "/Users/buzeoff/Desktop/clinic_rest_service/.venv/lib/python3.13/site-packages/sqlalchemy/orm/query.py", line 2857, in _iter
    result: Union[ScalarResult[_T], Result[_T]] = self.session.execute(
                                                  ~~~~~~~~~~~~~~~~~~~~^
        statement,
        ^^^^^^^^^^
        params,
        ^^^^^^^
        execution_options={"_sa_orm_load_options": self.load_options},
        ^^^^^^^^^^^^^^^^^^^^^^^^^^^^^^^^^^^^^^^^^^^^^^^^^^^^^^^^^^^^^^
    )
    ^
  File "/Users/buzeoff/Desktop/clinic_rest_service/.venv/lib/python3.13/site-packages/sqlalchemy/orm/session.py", line 2351, in execute
    return self._execute_internal(
           ~~~~~~~~~~~~~~~~~~~~~~^
        statement,
        ^^^^^^^^^^
    ...<4 lines>...
        _add_event=_add_event,
        ^^^^^^^^^^^^^^^^^^^^^^
    )
    ^
  File "/Users/buzeoff/Desktop/clinic_rest_service/.venv/lib/python3.13/site-packages/sqlalchemy/orm/session.py", line 2249, in _execute_internal
    result: Result[Any] = compile_state_cls.orm_execute_statement(
                          ~~~~~~~~~~~~~~~~~~~~~~~~~~~~~~~~~~~~~~~^
        self,
        ^^^^^
    ...<4 lines>...
        conn,
        ^^^^^
    )
    ^
  File "/Users/buzeoff/Desktop/clinic_rest_service/.venv/lib/python3.13/site-packages/sqlalchemy/orm/context.py", line 306, in orm_execute_statement
    result = conn.execute(
        statement, params or {}, execution_options=execution_options
    )
  File "/Users/buzeoff/Desktop/clinic_rest_service/.venv/lib/python3.13/site-packages/sqlalchemy/engine/base.py", line 1419, in execute
    return meth(
        self,
        distilled_parameters,
        execution_options or NO_OPTIONS,
    )
  File "/Users/buzeoff/Desktop/clinic_rest_service/.venv/lib/python3.13/site-packages/sqlalchemy/sql/elements.py", line 527, in _execute_on_connection
    return connection._execute_clauseelement(
           ~~~~~~~~~~~~~~~~~~~~~~~~~~~~~~~~~^
        self, distilled_params, execution_options
        ^^^^^^^^^^^^^^^^^^^^^^^^^^^^^^^^^^^^^^^^^
    )
    ^
  File "/Users/buzeoff/Desktop/clinic_rest_service/.venv/lib/python3.13/site-packages/sqlalchemy/engine/base.py", line 1641, in _execute_clauseelement
    ret = self._execute_context(
        dialect,
    ...<8 lines>...
        cache_hit=cache_hit,
    )
  File "/Users/buzeoff/Desktop/clinic_rest_service/.venv/lib/python3.13/site-packages/sqlalchemy/engine/base.py", line 1846, in _execute_context
    return self._exec_single_context(
           ~~~~~~~~~~~~~~~~~~~~~~~~~^
        dialect, context, statement, parameters
        ^^^^^^^^^^^^^^^^^^^^^^^^^^^^^^^^^^^^^^^
    )
    ^
  File "/Users/buzeoff/Desktop/clinic_rest_service/.venv/lib/python3.13/site-packages/sqlalchemy/engine/base.py", line 1986, in _exec_single_context
    self._handle_dbapi_exception(
    ~~~~~~~~~~~~~~~~~~~~~~~~~~~~^
        e, str_statement, effective_parameters, cursor, context
        ^^^^^^^^^^^^^^^^^^^^^^^^^^^^^^^^^^^^^^^^^^^^^^^^^^^^^^^
    )
    ^
  File "/Users/buzeoff/Desktop/clinic_rest_service/.venv/lib/python3.13/site-packages/sqlalchemy/engine/base.py", line 2363, in _handle_dbapi_exception
    raise sqlalchemy_exception.with_traceback(exc_info[2]) from e
  File "/Users/buzeoff/Desktop/clinic_rest_service/.venv/lib/python3.13/site-packages/sqlalchemy/engine/base.py", line 1967, in _exec_single_context
    self.dialect.do_execute(
    ~~~~~~~~~~~~~~~~~~~~~~~^
        cursor, str_statement, effective_parameters, context
        ^^^^^^^^^^^^^^^^^^^^^^^^^^^^^^^^^^^^^^^^^^^^^^^^^^^^
    )
    ^
  File "/Users/buzeoff/Desktop/clinic_rest_service/.venv/lib/python3.13/site-packages/sqlalchemy/engine/default.py", line 952, in do_execute
    cursor.execute(statement, parameters)
    ~~~~~~~~~~~~~~^^^^^^^^^^^^^^^^^^^^^^^
sqlalchemy.exc.OperationalError: (sqlite3.OperationalError) no such column: doctors.cabinet_id
[SQL: SELECT doctors.id AS doctors_id, doctors.fio AS doctors_fio, doctors.cabinet_id AS doctors_cabinet_id, doctors.phone AS doctors_phone, doctors.experience_years AS doctors_experience_years 
FROM doctors 
WHERE doctors.id = ?
 LIMIT ? OFFSET ?]
[parameters: (16, 1, 0)]
(Background on this error at: https://sqlalche.me/e/20/e3q8)
[2025-12-19 14:17:00] ERROR [app.problem_details:57] - Unhandled exception: (sqlite3.OperationalError) no such column: doctors.cabinet_id
[SQL: SELECT doctors.id AS doctors_id, doctors.fio AS doctors_fio, doctors.cabinet_id AS doctors_cabinet_id, doctors.phone AS doctors_phone, doctors.experience_years AS doctors_experience_years 
FROM doctors 
WHERE doctors.id = ?
 LIMIT ? OFFSET ?]
[parameters: (12, 1, 0)]
(Background on this error at: https://sqlalche.me/e/20/e3q8)
Traceback (most recent call last):
  File "/Users/buzeoff/Desktop/clinic_rest_service/.venv/lib/python3.13/site-packages/sqlalchemy/engine/base.py", line 1967, in _exec_single_context
    self.dialect.do_execute(
    ~~~~~~~~~~~~~~~~~~~~~~~^
        cursor, str_statement, effective_parameters, context
        ^^^^^^^^^^^^^^^^^^^^^^^^^^^^^^^^^^^^^^^^^^^^^^^^^^^^
    )
    ^
  File "/Users/buzeoff/Desktop/clinic_rest_service/.venv/lib/python3.13/site-packages/sqlalchemy/engine/default.py", line 952, in do_execute
    cursor.execute(statement, parameters)
    ~~~~~~~~~~~~~~^^^^^^^^^^^^^^^^^^^^^^^
sqlite3.OperationalError: no such column: doctors.cabinet_id

The above exception was the direct cause of the following exception:

Traceback (most recent call last):
  File "/Users/buzeoff/Desktop/clinic_rest_service/.venv/lib/python3.13/site-packages/starlette/middleware/errors.py", line 164, in __call__
    await self.app(scope, receive, _send)
  File "/Users/buzeoff/Desktop/clinic_rest_service/.venv/lib/python3.13/site-packages/starlette/middleware/cors.py", line 85, in __call__
    await self.app(scope, receive, send)
  File "/Users/buzeoff/Desktop/clinic_rest_service/.venv/lib/python3.13/site-packages/starlette/middleware/exceptions.py", line 63, in __call__
    await wrap_app_handling_exceptions(self.app, conn)(scope, receive, send)
  File "/Users/buzeoff/Desktop/clinic_rest_service/.venv/lib/python3.13/site-packages/starlette/_exception_handler.py", line 53, in wrapped_app
    raise exc
  File "/Users/buzeoff/Desktop/clinic_rest_service/.venv/lib/python3.13/site-packages/starlette/_exception_handler.py", line 42, in wrapped_app
    await app(scope, receive, sender)
  File "/Users/buzeoff/Desktop/clinic_rest_service/.venv/lib/python3.13/site-packages/fastapi/middleware/asyncexitstack.py", line 18, in __call__
    await self.app(scope, receive, send)
  File "/Users/buzeoff/Desktop/clinic_rest_service/.venv/lib/python3.13/site-packages/starlette/routing.py", line 716, in __call__
    await self.middleware_stack(scope, receive, send)
  File "/Users/buzeoff/Desktop/clinic_rest_service/.venv/lib/python3.13/site-packages/starlette/routing.py", line 736, in app
    await route.handle(scope, receive, send)
  File "/Users/buzeoff/Desktop/clinic_rest_service/.venv/lib/python3.13/site-packages/starlette/routing.py", line 290, in handle
    await self.app(scope, receive, send)
  File "/Users/buzeoff/Desktop/clinic_rest_service/.venv/lib/python3.13/site-packages/fastapi/routing.py", line 120, in app
    await wrap_app_handling_exceptions(app, request)(scope, receive, send)
  File "/Users/buzeoff/Desktop/clinic_rest_service/.venv/lib/python3.13/site-packages/starlette/_exception_handler.py", line 53, in wrapped_app
    raise exc
  File "/Users/buzeoff/Desktop/clinic_rest_service/.venv/lib/python3.13/site-packages/starlette/_exception_handler.py", line 42, in wrapped_app
    await app(scope, receive, sender)
  File "/Users/buzeoff/Desktop/clinic_rest_service/.venv/lib/python3.13/site-packages/fastapi/routing.py", line 106, in app
    response = await f(request)
               ^^^^^^^^^^^^^^^^
  File "/Users/buzeoff/Desktop/clinic_rest_service/.venv/lib/python3.13/site-packages/fastapi/routing.py", line 430, in app
    raw_response = await run_endpoint_function(
                   ^^^^^^^^^^^^^^^^^^^^^^^^^^^^
    ...<3 lines>...
    )
    ^
  File "/Users/buzeoff/Desktop/clinic_rest_service/.venv/lib/python3.13/site-packages/fastapi/routing.py", line 318, in run_endpoint_function
    return await run_in_threadpool(dependant.call, **values)
           ^^^^^^^^^^^^^^^^^^^^^^^^^^^^^^^^^^^^^^^^^^^^^^^^^
  File "/Users/buzeoff/Desktop/clinic_rest_service/.venv/lib/python3.13/site-packages/starlette/concurrency.py", line 32, in run_in_threadpool
    return await anyio.to_thread.run_sync(func)
           ^^^^^^^^^^^^^^^^^^^^^^^^^^^^^^^^^^^^
  File "/Users/buzeoff/Desktop/clinic_rest_service/.venv/lib/python3.13/site-packages/anyio/to_thread.py", line 61, in run_sync
    return await get_async_backend().run_sync_in_worker_thread(
           ^^^^^^^^^^^^^^^^^^^^^^^^^^^^^^^^^^^^^^^^^^^^^^^^^^^^
        func, args, abandon_on_cancel=abandon_on_cancel, limiter=limiter
        ^^^^^^^^^^^^^^^^^^^^^^^^^^^^^^^^^^^^^^^^^^^^^^^^^^^^^^^^^^^^^^^^
    )
    ^
  File "/Users/buzeoff/Desktop/clinic_rest_service/.venv/lib/python3.13/site-packages/anyio/_backends/_asyncio.py", line 2525, in run_sync_in_worker_thread
    return await future
           ^^^^^^^^^^^^
  File "/Users/buzeoff/Desktop/clinic_rest_service/.venv/lib/python3.13/site-packages/anyio/_backends/_asyncio.py", line 986, in run
    result = context.run(func, *args)
  File "/Users/buzeoff/Desktop/clinic_rest_service/app/controllers/doctor_controller.py", line 33, in get_doctor
    return service.get_doctor_by_id(doctor_id)
           ~~~~~~~~~~~~~~~~~~~~~~~~^^^^^^^^^^^
  File "/Users/buzeoff/Desktop/clinic_rest_service/app/services/doctor_service.py", line 56, in get_doctor_by_id
    doctor = self.db.query(DoctorDB).filter(DoctorDB.id == doctor_id).first()
  File "/Users/buzeoff/Desktop/clinic_rest_service/.venv/lib/python3.13/site-packages/sqlalchemy/orm/query.py", line 2759, in first
    return self.limit(1)._iter().first()  # type: ignore
           ~~~~~~~~~~~~~~~~~~~^^
  File "/Users/buzeoff/Desktop/clinic_rest_service/.venv/lib/python3.13/site-packages/sqlalchemy/orm/query.py", line 2857, in _iter
    result: Union[ScalarResult[_T], Result[_T]] = self.session.execute(
                                                  ~~~~~~~~~~~~~~~~~~~~^
        statement,
        ^^^^^^^^^^
        params,
        ^^^^^^^
        execution_options={"_sa_orm_load_options": self.load_options},
        ^^^^^^^^^^^^^^^^^^^^^^^^^^^^^^^^^^^^^^^^^^^^^^^^^^^^^^^^^^^^^^
    )
    ^
  File "/Users/buzeoff/Desktop/clinic_rest_service/.venv/lib/python3.13/site-packages/sqlalchemy/orm/session.py", line 2351, in execute
    return self._execute_internal(
           ~~~~~~~~~~~~~~~~~~~~~~^
        statement,
        ^^^^^^^^^^
    ...<4 lines>...
        _add_event=_add_event,
        ^^^^^^^^^^^^^^^^^^^^^^
    )
    ^
  File "/Users/buzeoff/Desktop/clinic_rest_service/.venv/lib/python3.13/site-packages/sqlalchemy/orm/session.py", line 2249, in _execute_internal
    result: Result[Any] = compile_state_cls.orm_execute_statement(
                          ~~~~~~~~~~~~~~~~~~~~~~~~~~~~~~~~~~~~~~~^
        self,
        ^^^^^
    ...<4 lines>...
        conn,
        ^^^^^
    )
    ^
  File "/Users/buzeoff/Desktop/clinic_rest_service/.venv/lib/python3.13/site-packages/sqlalchemy/orm/context.py", line 306, in orm_execute_statement
    result = conn.execute(
        statement, params or {}, execution_options=execution_options
    )
  File "/Users/buzeoff/Desktop/clinic_rest_service/.venv/lib/python3.13/site-packages/sqlalchemy/engine/base.py", line 1419, in execute
    return meth(
        self,
        distilled_parameters,
        execution_options or NO_OPTIONS,
    )
  File "/Users/buzeoff/Desktop/clinic_rest_service/.venv/lib/python3.13/site-packages/sqlalchemy/sql/elements.py", line 527, in _execute_on_connection
    return connection._execute_clauseelement(
           ~~~~~~~~~~~~~~~~~~~~~~~~~~~~~~~~~^
        self, distilled_params, execution_options
        ^^^^^^^^^^^^^^^^^^^^^^^^^^^^^^^^^^^^^^^^^
    )
    ^
  File "/Users/buzeoff/Desktop/clinic_rest_service/.venv/lib/python3.13/site-packages/sqlalchemy/engine/base.py", line 1641, in _execute_clauseelement
    ret = self._execute_context(
        dialect,
    ...<8 lines>...
        cache_hit=cache_hit,
    )
  File "/Users/buzeoff/Desktop/clinic_rest_service/.venv/lib/python3.13/site-packages/sqlalchemy/engine/base.py", line 1846, in _execute_context
    return self._exec_single_context(
           ~~~~~~~~~~~~~~~~~~~~~~~~~^
        dialect, context, statement, parameters
        ^^^^^^^^^^^^^^^^^^^^^^^^^^^^^^^^^^^^^^^
    )
    ^
  File "/Users/buzeoff/Desktop/clinic_rest_service/.venv/lib/python3.13/site-packages/sqlalchemy/engine/base.py", line 1986, in _exec_single_context
    self._handle_dbapi_exception(
    ~~~~~~~~~~~~~~~~~~~~~~~~~~~~^
        e, str_statement, effective_parameters, cursor, context
        ^^^^^^^^^^^^^^^^^^^^^^^^^^^^^^^^^^^^^^^^^^^^^^^^^^^^^^^
    )
    ^
  File "/Users/buzeoff/Desktop/clinic_rest_service/.venv/lib/python3.13/site-packages/sqlalchemy/engine/base.py", line 2363, in _handle_dbapi_exception
    raise sqlalchemy_exception.with_traceback(exc_info[2]) from e
  File "/Users/buzeoff/Desktop/clinic_rest_service/.venv/lib/python3.13/site-packages/sqlalchemy/engine/base.py", line 1967, in _exec_single_context
    self.dialect.do_execute(
    ~~~~~~~~~~~~~~~~~~~~~~~^
        cursor, str_statement, effective_parameters, context
        ^^^^^^^^^^^^^^^^^^^^^^^^^^^^^^^^^^^^^^^^^^^^^^^^^^^^
    )
    ^
  File "/Users/buzeoff/Desktop/clinic_rest_service/.venv/lib/python3.13/site-packages/sqlalchemy/engine/default.py", line 952, in do_execute
    cursor.execute(statement, parameters)
    ~~~~~~~~~~~~~~^^^^^^^^^^^^^^^^^^^^^^^
sqlalchemy.exc.OperationalError: (sqlite3.OperationalError) no such column: doctors.cabinet_id
[SQL: SELECT doctors.id AS doctors_id, doctors.fio AS doctors_fio, doctors.cabinet_id AS doctors_cabinet_id, doctors.phone AS doctors_phone, doctors.experience_years AS doctors_experience_years 
FROM doctors 
WHERE doctors.id = ?
 LIMIT ? OFFSET ?]
[parameters: (12, 1, 0)]
(Background on this error at: https://sqlalche.me/e/20/e3q8)
[2025-12-19 14:17:04] ERROR [app.problem_details:57] - Unhandled exception: (sqlite3.OperationalError) no such column: doctors.cabinet_id
[SQL: SELECT doctors.id AS doctors_id, doctors.fio AS doctors_fio, doctors.cabinet_id AS doctors_cabinet_id, doctors.phone AS doctors_phone, doctors.experience_years AS doctors_experience_years 
FROM doctors 
WHERE doctors.id = ?
 LIMIT ? OFFSET ?]
[parameters: (11, 1, 0)]
(Background on this error at: https://sqlalche.me/e/20/e3q8)
Traceback (most recent call last):
  File "/Users/buzeoff/Desktop/clinic_rest_service/.venv/lib/python3.13/site-packages/sqlalchemy/engine/base.py", line 1967, in _exec_single_context
    self.dialect.do_execute(
    ~~~~~~~~~~~~~~~~~~~~~~~^
        cursor, str_statement, effective_parameters, context
        ^^^^^^^^^^^^^^^^^^^^^^^^^^^^^^^^^^^^^^^^^^^^^^^^^^^^
    )
    ^
  File "/Users/buzeoff/Desktop/clinic_rest_service/.venv/lib/python3.13/site-packages/sqlalchemy/engine/default.py", line 952, in do_execute
    cursor.execute(statement, parameters)
    ~~~~~~~~~~~~~~^^^^^^^^^^^^^^^^^^^^^^^
sqlite3.OperationalError: no such column: doctors.cabinet_id

The above exception was the direct cause of the following exception:

Traceback (most recent call last):
  File "/Users/buzeoff/Desktop/clinic_rest_service/.venv/lib/python3.13/site-packages/starlette/middleware/errors.py", line 164, in __call__
    await self.app(scope, receive, _send)
  File "/Users/buzeoff/Desktop/clinic_rest_service/.venv/lib/python3.13/site-packages/starlette/middleware/cors.py", line 85, in __call__
    await self.app(scope, receive, send)
  File "/Users/buzeoff/Desktop/clinic_rest_service/.venv/lib/python3.13/site-packages/starlette/middleware/exceptions.py", line 63, in __call__
    await wrap_app_handling_exceptions(self.app, conn)(scope, receive, send)
  File "/Users/buzeoff/Desktop/clinic_rest_service/.venv/lib/python3.13/site-packages/starlette/_exception_handler.py", line 53, in wrapped_app
    raise exc
  File "/Users/buzeoff/Desktop/clinic_rest_service/.venv/lib/python3.13/site-packages/starlette/_exception_handler.py", line 42, in wrapped_app
    await app(scope, receive, sender)
  File "/Users/buzeoff/Desktop/clinic_rest_service/.venv/lib/python3.13/site-packages/fastapi/middleware/asyncexitstack.py", line 18, in __call__
    await self.app(scope, receive, send)
  File "/Users/buzeoff/Desktop/clinic_rest_service/.venv/lib/python3.13/site-packages/starlette/routing.py", line 716, in __call__
    await self.middleware_stack(scope, receive, send)
  File "/Users/buzeoff/Desktop/clinic_rest_service/.venv/lib/python3.13/site-packages/starlette/routing.py", line 736, in app
    await route.handle(scope, receive, send)
  File "/Users/buzeoff/Desktop/clinic_rest_service/.venv/lib/python3.13/site-packages/starlette/routing.py", line 290, in handle
    await self.app(scope, receive, send)
  File "/Users/buzeoff/Desktop/clinic_rest_service/.venv/lib/python3.13/site-packages/fastapi/routing.py", line 120, in app
    await wrap_app_handling_exceptions(app, request)(scope, receive, send)
  File "/Users/buzeoff/Desktop/clinic_rest_service/.venv/lib/python3.13/site-packages/starlette/_exception_handler.py", line 53, in wrapped_app
    raise exc
  File "/Users/buzeoff/Desktop/clinic_rest_service/.venv/lib/python3.13/site-packages/starlette/_exception_handler.py", line 42, in wrapped_app
    await app(scope, receive, sender)
  File "/Users/buzeoff/Desktop/clinic_rest_service/.venv/lib/python3.13/site-packages/fastapi/routing.py", line 106, in app
    response = await f(request)
               ^^^^^^^^^^^^^^^^
  File "/Users/buzeoff/Desktop/clinic_rest_service/.venv/lib/python3.13/site-packages/fastapi/routing.py", line 430, in app
    raw_response = await run_endpoint_function(
                   ^^^^^^^^^^^^^^^^^^^^^^^^^^^^
    ...<3 lines>...
    )
    ^
  File "/Users/buzeoff/Desktop/clinic_rest_service/.venv/lib/python3.13/site-packages/fastapi/routing.py", line 318, in run_endpoint_function
    return await run_in_threadpool(dependant.call, **values)
           ^^^^^^^^^^^^^^^^^^^^^^^^^^^^^^^^^^^^^^^^^^^^^^^^^
  File "/Users/buzeoff/Desktop/clinic_rest_service/.venv/lib/python3.13/site-packages/starlette/concurrency.py", line 32, in run_in_threadpool
    return await anyio.to_thread.run_sync(func)
           ^^^^^^^^^^^^^^^^^^^^^^^^^^^^^^^^^^^^
  File "/Users/buzeoff/Desktop/clinic_rest_service/.venv/lib/python3.13/site-packages/anyio/to_thread.py", line 61, in run_sync
    return await get_async_backend().run_sync_in_worker_thread(
           ^^^^^^^^^^^^^^^^^^^^^^^^^^^^^^^^^^^^^^^^^^^^^^^^^^^^
        func, args, abandon_on_cancel=abandon_on_cancel, limiter=limiter
        ^^^^^^^^^^^^^^^^^^^^^^^^^^^^^^^^^^^^^^^^^^^^^^^^^^^^^^^^^^^^^^^^
    )
    ^
  File "/Users/buzeoff/Desktop/clinic_rest_service/.venv/lib/python3.13/site-packages/anyio/_backends/_asyncio.py", line 2525, in run_sync_in_worker_thread
    return await future
           ^^^^^^^^^^^^
  File "/Users/buzeoff/Desktop/clinic_rest_service/.venv/lib/python3.13/site-packages/anyio/_backends/_asyncio.py", line 986, in run
    result = context.run(func, *args)
  File "/Users/buzeoff/Desktop/clinic_rest_service/app/controllers/doctor_controller.py", line 33, in get_doctor
    return service.get_doctor_by_id(doctor_id)
           ~~~~~~~~~~~~~~~~~~~~~~~~^^^^^^^^^^^
  File "/Users/buzeoff/Desktop/clinic_rest_service/app/services/doctor_service.py", line 56, in get_doctor_by_id
    doctor = self.db.query(DoctorDB).filter(DoctorDB.id == doctor_id).first()
  File "/Users/buzeoff/Desktop/clinic_rest_service/.venv/lib/python3.13/site-packages/sqlalchemy/orm/query.py", line 2759, in first
    return self.limit(1)._iter().first()  # type: ignore
           ~~~~~~~~~~~~~~~~~~~^^
  File "/Users/buzeoff/Desktop/clinic_rest_service/.venv/lib/python3.13/site-packages/sqlalchemy/orm/query.py", line 2857, in _iter
    result: Union[ScalarResult[_T], Result[_T]] = self.session.execute(
                                                  ~~~~~~~~~~~~~~~~~~~~^
        statement,
        ^^^^^^^^^^
        params,
        ^^^^^^^
        execution_options={"_sa_orm_load_options": self.load_options},
        ^^^^^^^^^^^^^^^^^^^^^^^^^^^^^^^^^^^^^^^^^^^^^^^^^^^^^^^^^^^^^^
    )
    ^
  File "/Users/buzeoff/Desktop/clinic_rest_service/.venv/lib/python3.13/site-packages/sqlalchemy/orm/session.py", line 2351, in execute
    return self._execute_internal(
           ~~~~~~~~~~~~~~~~~~~~~~^
        statement,
        ^^^^^^^^^^
    ...<4 lines>...
        _add_event=_add_event,
        ^^^^^^^^^^^^^^^^^^^^^^
    )
    ^
  File "/Users/buzeoff/Desktop/clinic_rest_service/.venv/lib/python3.13/site-packages/sqlalchemy/orm/session.py", line 2249, in _execute_internal
    result: Result[Any] = compile_state_cls.orm_execute_statement(
                          ~~~~~~~~~~~~~~~~~~~~~~~~~~~~~~~~~~~~~~~^
        self,
        ^^^^^
    ...<4 lines>...
        conn,
        ^^^^^
    )
    ^
  File "/Users/buzeoff/Desktop/clinic_rest_service/.venv/lib/python3.13/site-packages/sqlalchemy/orm/context.py", line 306, in orm_execute_statement
    result = conn.execute(
        statement, params or {}, execution_options=execution_options
    )
  File "/Users/buzeoff/Desktop/clinic_rest_service/.venv/lib/python3.13/site-packages/sqlalchemy/engine/base.py", line 1419, in execute
    return meth(
        self,
        distilled_parameters,
        execution_options or NO_OPTIONS,
    )
  File "/Users/buzeoff/Desktop/clinic_rest_service/.venv/lib/python3.13/site-packages/sqlalchemy/sql/elements.py", line 527, in _execute_on_connection
    return connection._execute_clauseelement(
           ~~~~~~~~~~~~~~~~~~~~~~~~~~~~~~~~~^
        self, distilled_params, execution_options
        ^^^^^^^^^^^^^^^^^^^^^^^^^^^^^^^^^^^^^^^^^
    )
    ^
  File "/Users/buzeoff/Desktop/clinic_rest_service/.venv/lib/python3.13/site-packages/sqlalchemy/engine/base.py", line 1641, in _execute_clauseelement
    ret = self._execute_context(
        dialect,
    ...<8 lines>...
        cache_hit=cache_hit,
    )
  File "/Users/buzeoff/Desktop/clinic_rest_service/.venv/lib/python3.13/site-packages/sqlalchemy/engine/base.py", line 1846, in _execute_context
    return self._exec_single_context(
           ~~~~~~~~~~~~~~~~~~~~~~~~~^
        dialect, context, statement, parameters
        ^^^^^^^^^^^^^^^^^^^^^^^^^^^^^^^^^^^^^^^
    )
    ^
  File "/Users/buzeoff/Desktop/clinic_rest_service/.venv/lib/python3.13/site-packages/sqlalchemy/engine/base.py", line 1986, in _exec_single_context
    self._handle_dbapi_exception(
    ~~~~~~~~~~~~~~~~~~~~~~~~~~~~^
        e, str_statement, effective_parameters, cursor, context
        ^^^^^^^^^^^^^^^^^^^^^^^^^^^^^^^^^^^^^^^^^^^^^^^^^^^^^^^
    )
    ^
  File "/Users/buzeoff/Desktop/clinic_rest_service/.venv/lib/python3.13/site-packages/sqlalchemy/engine/base.py", line 2363, in _handle_dbapi_exception
    raise sqlalchemy_exception.with_traceback(exc_info[2]) from e
  File "/Users/buzeoff/Desktop/clinic_rest_service/.venv/lib/python3.13/site-packages/sqlalchemy/engine/base.py", line 1967, in _exec_single_context
    self.dialect.do_execute(
    ~~~~~~~~~~~~~~~~~~~~~~~^
        cursor, str_statement, effective_parameters, context
        ^^^^^^^^^^^^^^^^^^^^^^^^^^^^^^^^^^^^^^^^^^^^^^^^^^^^
    )
    ^
  File "/Users/buzeoff/Desktop/clinic_rest_service/.venv/lib/python3.13/site-packages/sqlalchemy/engine/default.py", line 952, in do_execute
    cursor.execute(statement, parameters)
    ~~~~~~~~~~~~~~^^^^^^^^^^^^^^^^^^^^^^^
sqlalchemy.exc.OperationalError: (sqlite3.OperationalError) no such column: doctors.cabinet_id
[SQL: SELECT doctors.id AS doctors_id, doctors.fio AS doctors_fio, doctors.cabinet_id AS doctors_cabinet_id, doctors.phone AS doctors_phone, doctors.experience_years AS doctors_experience_years 
FROM doctors 
WHERE doctors.id = ?
 LIMIT ? OFFSET ?]
[parameters: (11, 1, 0)]
(Background on this error at: https://sqlalche.me/e/20/e3q8)
[2025-12-19 14:17:07] ERROR [app.problem_details:57] - Unhandled exception: (sqlite3.OperationalError) no such column: doctors.cabinet_id
[SQL: SELECT doctors.id AS doctors_id, doctors.fio AS doctors_fio, doctors.cabinet_id AS doctors_cabinet_id, doctors.phone AS doctors_phone, doctors.experience_years AS doctors_experience_years 
FROM doctors 
WHERE doctors.id = ?
 LIMIT ? OFFSET ?]
[parameters: (8, 1, 0)]
(Background on this error at: https://sqlalche.me/e/20/e3q8)
Traceback (most recent call last):
  File "/Users/buzeoff/Desktop/clinic_rest_service/.venv/lib/python3.13/site-packages/sqlalchemy/engine/base.py", line 1967, in _exec_single_context
    self.dialect.do_execute(
    ~~~~~~~~~~~~~~~~~~~~~~~^
        cursor, str_statement, effective_parameters, context
        ^^^^^^^^^^^^^^^^^^^^^^^^^^^^^^^^^^^^^^^^^^^^^^^^^^^^
    )
    ^
  File "/Users/buzeoff/Desktop/clinic_rest_service/.venv/lib/python3.13/site-packages/sqlalchemy/engine/default.py", line 952, in do_execute
    cursor.execute(statement, parameters)
    ~~~~~~~~~~~~~~^^^^^^^^^^^^^^^^^^^^^^^
sqlite3.OperationalError: no such column: doctors.cabinet_id

The above exception was the direct cause of the following exception:

Traceback (most recent call last):
  File "/Users/buzeoff/Desktop/clinic_rest_service/.venv/lib/python3.13/site-packages/starlette/middleware/errors.py", line 164, in __call__
    await self.app(scope, receive, _send)
  File "/Users/buzeoff/Desktop/clinic_rest_service/.venv/lib/python3.13/site-packages/starlette/middleware/cors.py", line 85, in __call__
    await self.app(scope, receive, send)
  File "/Users/buzeoff/Desktop/clinic_rest_service/.venv/lib/python3.13/site-packages/starlette/middleware/exceptions.py", line 63, in __call__
    await wrap_app_handling_exceptions(self.app, conn)(scope, receive, send)
  File "/Users/buzeoff/Desktop/clinic_rest_service/.venv/lib/python3.13/site-packages/starlette/_exception_handler.py", line 53, in wrapped_app
    raise exc
  File "/Users/buzeoff/Desktop/clinic_rest_service/.venv/lib/python3.13/site-packages/starlette/_exception_handler.py", line 42, in wrapped_app
    await app(scope, receive, sender)
  File "/Users/buzeoff/Desktop/clinic_rest_service/.venv/lib/python3.13/site-packages/fastapi/middleware/asyncexitstack.py", line 18, in __call__
    await self.app(scope, receive, send)
  File "/Users/buzeoff/Desktop/clinic_rest_service/.venv/lib/python3.13/site-packages/starlette/routing.py", line 716, in __call__
    await self.middleware_stack(scope, receive, send)
  File "/Users/buzeoff/Desktop/clinic_rest_service/.venv/lib/python3.13/site-packages/starlette/routing.py", line 736, in app
    await route.handle(scope, receive, send)
  File "/Users/buzeoff/Desktop/clinic_rest_service/.venv/lib/python3.13/site-packages/starlette/routing.py", line 290, in handle
    await self.app(scope, receive, send)
  File "/Users/buzeoff/Desktop/clinic_rest_service/.venv/lib/python3.13/site-packages/fastapi/routing.py", line 120, in app
    await wrap_app_handling_exceptions(app, request)(scope, receive, send)
  File "/Users/buzeoff/Desktop/clinic_rest_service/.venv/lib/python3.13/site-packages/starlette/_exception_handler.py", line 53, in wrapped_app
    raise exc
  File "/Users/buzeoff/Desktop/clinic_rest_service/.venv/lib/python3.13/site-packages/starlette/_exception_handler.py", line 42, in wrapped_app
    await app(scope, receive, sender)
  File "/Users/buzeoff/Desktop/clinic_rest_service/.venv/lib/python3.13/site-packages/fastapi/routing.py", line 106, in app
    response = await f(request)
               ^^^^^^^^^^^^^^^^
  File "/Users/buzeoff/Desktop/clinic_rest_service/.venv/lib/python3.13/site-packages/fastapi/routing.py", line 430, in app
    raw_response = await run_endpoint_function(
                   ^^^^^^^^^^^^^^^^^^^^^^^^^^^^
    ...<3 lines>...
    )
    ^
  File "/Users/buzeoff/Desktop/clinic_rest_service/.venv/lib/python3.13/site-packages/fastapi/routing.py", line 318, in run_endpoint_function
    return await run_in_threadpool(dependant.call, **values)
           ^^^^^^^^^^^^^^^^^^^^^^^^^^^^^^^^^^^^^^^^^^^^^^^^^
  File "/Users/buzeoff/Desktop/clinic_rest_service/.venv/lib/python3.13/site-packages/starlette/concurrency.py", line 32, in run_in_threadpool
    return await anyio.to_thread.run_sync(func)
           ^^^^^^^^^^^^^^^^^^^^^^^^^^^^^^^^^^^^
  File "/Users/buzeoff/Desktop/clinic_rest_service/.venv/lib/python3.13/site-packages/anyio/to_thread.py", line 61, in run_sync
    return await get_async_backend().run_sync_in_worker_thread(
           ^^^^^^^^^^^^^^^^^^^^^^^^^^^^^^^^^^^^^^^^^^^^^^^^^^^^
        func, args, abandon_on_cancel=abandon_on_cancel, limiter=limiter
        ^^^^^^^^^^^^^^^^^^^^^^^^^^^^^^^^^^^^^^^^^^^^^^^^^^^^^^^^^^^^^^^^
    )
    ^
  File "/Users/buzeoff/Desktop/clinic_rest_service/.venv/lib/python3.13/site-packages/anyio/_backends/_asyncio.py", line 2525, in run_sync_in_worker_thread
    return await future
           ^^^^^^^^^^^^
  File "/Users/buzeoff/Desktop/clinic_rest_service/.venv/lib/python3.13/site-packages/anyio/_backends/_asyncio.py", line 986, in run
    result = context.run(func, *args)
  File "/Users/buzeoff/Desktop/clinic_rest_service/app/controllers/doctor_controller.py", line 33, in get_doctor
    return service.get_doctor_by_id(doctor_id)
           ~~~~~~~~~~~~~~~~~~~~~~~~^^^^^^^^^^^
  File "/Users/buzeoff/Desktop/clinic_rest_service/app/services/doctor_service.py", line 56, in get_doctor_by_id
    doctor = self.db.query(DoctorDB).filter(DoctorDB.id == doctor_id).first()
  File "/Users/buzeoff/Desktop/clinic_rest_service/.venv/lib/python3.13/site-packages/sqlalchemy/orm/query.py", line 2759, in first
    return self.limit(1)._iter().first()  # type: ignore
           ~~~~~~~~~~~~~~~~~~~^^
  File "/Users/buzeoff/Desktop/clinic_rest_service/.venv/lib/python3.13/site-packages/sqlalchemy/orm/query.py", line 2857, in _iter
    result: Union[ScalarResult[_T], Result[_T]] = self.session.execute(
                                                  ~~~~~~~~~~~~~~~~~~~~^
        statement,
        ^^^^^^^^^^
        params,
        ^^^^^^^
        execution_options={"_sa_orm_load_options": self.load_options},
        ^^^^^^^^^^^^^^^^^^^^^^^^^^^^^^^^^^^^^^^^^^^^^^^^^^^^^^^^^^^^^^
    )
    ^
  File "/Users/buzeoff/Desktop/clinic_rest_service/.venv/lib/python3.13/site-packages/sqlalchemy/orm/session.py", line 2351, in execute
    return self._execute_internal(
           ~~~~~~~~~~~~~~~~~~~~~~^
        statement,
        ^^^^^^^^^^
    ...<4 lines>...
        _add_event=_add_event,
        ^^^^^^^^^^^^^^^^^^^^^^
    )
    ^
  File "/Users/buzeoff/Desktop/clinic_rest_service/.venv/lib/python3.13/site-packages/sqlalchemy/orm/session.py", line 2249, in _execute_internal
    result: Result[Any] = compile_state_cls.orm_execute_statement(
                          ~~~~~~~~~~~~~~~~~~~~~~~~~~~~~~~~~~~~~~~^
        self,
        ^^^^^
    ...<4 lines>...
        conn,
        ^^^^^
    )
    ^
  File "/Users/buzeoff/Desktop/clinic_rest_service/.venv/lib/python3.13/site-packages/sqlalchemy/orm/context.py", line 306, in orm_execute_statement
    result = conn.execute(
        statement, params or {}, execution_options=execution_options
    )
  File "/Users/buzeoff/Desktop/clinic_rest_service/.venv/lib/python3.13/site-packages/sqlalchemy/engine/base.py", line 1419, in execute
    return meth(
        self,
        distilled_parameters,
        execution_options or NO_OPTIONS,
    )
  File "/Users/buzeoff/Desktop/clinic_rest_service/.venv/lib/python3.13/site-packages/sqlalchemy/sql/elements.py", line 527, in _execute_on_connection
    return connection._execute_clauseelement(
           ~~~~~~~~~~~~~~~~~~~~~~~~~~~~~~~~~^
        self, distilled_params, execution_options
        ^^^^^^^^^^^^^^^^^^^^^^^^^^^^^^^^^^^^^^^^^
    )
    ^
  File "/Users/buzeoff/Desktop/clinic_rest_service/.venv/lib/python3.13/site-packages/sqlalchemy/engine/base.py", line 1641, in _execute_clauseelement
    ret = self._execute_context(
        dialect,
    ...<8 lines>...
        cache_hit=cache_hit,
    )
  File "/Users/buzeoff/Desktop/clinic_rest_service/.venv/lib/python3.13/site-packages/sqlalchemy/engine/base.py", line 1846, in _execute_context
    return self._exec_single_context(
           ~~~~~~~~~~~~~~~~~~~~~~~~~^
        dialect, context, statement, parameters
        ^^^^^^^^^^^^^^^^^^^^^^^^^^^^^^^^^^^^^^^
    )
    ^
  File "/Users/buzeoff/Desktop/clinic_rest_service/.venv/lib/python3.13/site-packages/sqlalchemy/engine/base.py", line 1986, in _exec_single_context
    self._handle_dbapi_exception(
    ~~~~~~~~~~~~~~~~~~~~~~~~~~~~^
        e, str_statement, effective_parameters, cursor, context
        ^^^^^^^^^^^^^^^^^^^^^^^^^^^^^^^^^^^^^^^^^^^^^^^^^^^^^^^
    )
    ^
  File "/Users/buzeoff/Desktop/clinic_rest_service/.venv/lib/python3.13/site-packages/sqlalchemy/engine/base.py", line 2363, in _handle_dbapi_exception
    raise sqlalchemy_exception.with_traceback(exc_info[2]) from e
  File "/Users/buzeoff/Desktop/clinic_rest_service/.venv/lib/python3.13/site-packages/sqlalchemy/engine/base.py", line 1967, in _exec_single_context
    self.dialect.do_execute(
    ~~~~~~~~~~~~~~~~~~~~~~~^
        cursor, str_statement, effective_parameters, context
        ^^^^^^^^^^^^^^^^^^^^^^^^^^^^^^^^^^^^^^^^^^^^^^^^^^^^
    )
    ^
  File "/Users/buzeoff/Desktop/clinic_rest_service/.venv/lib/python3.13/site-packages/sqlalchemy/engine/default.py", line 952, in do_execute
    cursor.execute(statement, parameters)
    ~~~~~~~~~~~~~~^^^^^^^^^^^^^^^^^^^^^^^
sqlalchemy.exc.OperationalError: (sqlite3.OperationalError) no such column: doctors.cabinet_id
[SQL: SELECT doctors.id AS doctors_id, doctors.fio AS doctors_fio, doctors.cabinet_id AS doctors_cabinet_id, doctors.phone AS doctors_phone, doctors.experience_years AS doctors_experience_years 
FROM doctors 
WHERE doctors.id = ?
 LIMIT ? OFFSET ?]
[parameters: (8, 1, 0)]
(Background on this error at: https://sqlalche.me/e/20/e3q8)
[2025-12-19 14:17:14] ERROR [app.problem_details:57] - Unhandled exception: (sqlite3.OperationalError) no such column: doctors.cabinet_id
[SQL: SELECT doctors.id AS doctors_id, doctors.fio AS doctors_fio, doctors.cabinet_id AS doctors_cabinet_id, doctors.phone AS doctors_phone, doctors.experience_years AS doctors_experience_years 
FROM doctors 
WHERE doctors.id = ?
 LIMIT ? OFFSET ?]
[parameters: (1, 1, 0)]
(Background on this error at: https://sqlalche.me/e/20/e3q8)
Traceback (most recent call last):
  File "/Users/buzeoff/Desktop/clinic_rest_service/.venv/lib/python3.13/site-packages/sqlalchemy/engine/base.py", line 1967, in _exec_single_context
    self.dialect.do_execute(
    ~~~~~~~~~~~~~~~~~~~~~~~^
        cursor, str_statement, effective_parameters, context
        ^^^^^^^^^^^^^^^^^^^^^^^^^^^^^^^^^^^^^^^^^^^^^^^^^^^^
    )
    ^
  File "/Users/buzeoff/Desktop/clinic_rest_service/.venv/lib/python3.13/site-packages/sqlalchemy/engine/default.py", line 952, in do_execute
    cursor.execute(statement, parameters)
    ~~~~~~~~~~~~~~^^^^^^^^^^^^^^^^^^^^^^^
sqlite3.OperationalError: no such column: doctors.cabinet_id

The above exception was the direct cause of the following exception:

Traceback (most recent call last):
  File "/Users/buzeoff/Desktop/clinic_rest_service/.venv/lib/python3.13/site-packages/starlette/middleware/errors.py", line 164, in __call__
    await self.app(scope, receive, _send)
  File "/Users/buzeoff/Desktop/clinic_rest_service/.venv/lib/python3.13/site-packages/starlette/middleware/cors.py", line 85, in __call__
    await self.app(scope, receive, send)
  File "/Users/buzeoff/Desktop/clinic_rest_service/.venv/lib/python3.13/site-packages/starlette/middleware/exceptions.py", line 63, in __call__
    await wrap_app_handling_exceptions(self.app, conn)(scope, receive, send)
  File "/Users/buzeoff/Desktop/clinic_rest_service/.venv/lib/python3.13/site-packages/starlette/_exception_handler.py", line 53, in wrapped_app
    raise exc
  File "/Users/buzeoff/Desktop/clinic_rest_service/.venv/lib/python3.13/site-packages/starlette/_exception_handler.py", line 42, in wrapped_app
    await app(scope, receive, sender)
  File "/Users/buzeoff/Desktop/clinic_rest_service/.venv/lib/python3.13/site-packages/fastapi/middleware/asyncexitstack.py", line 18, in __call__
    await self.app(scope, receive, send)
  File "/Users/buzeoff/Desktop/clinic_rest_service/.venv/lib/python3.13/site-packages/starlette/routing.py", line 716, in __call__
    await self.middleware_stack(scope, receive, send)
  File "/Users/buzeoff/Desktop/clinic_rest_service/.venv/lib/python3.13/site-packages/starlette/routing.py", line 736, in app
    await route.handle(scope, receive, send)
  File "/Users/buzeoff/Desktop/clinic_rest_service/.venv/lib/python3.13/site-packages/starlette/routing.py", line 290, in handle
    await self.app(scope, receive, send)
  File "/Users/buzeoff/Desktop/clinic_rest_service/.venv/lib/python3.13/site-packages/fastapi/routing.py", line 120, in app
    await wrap_app_handling_exceptions(app, request)(scope, receive, send)
  File "/Users/buzeoff/Desktop/clinic_rest_service/.venv/lib/python3.13/site-packages/starlette/_exception_handler.py", line 53, in wrapped_app
    raise exc
  File "/Users/buzeoff/Desktop/clinic_rest_service/.venv/lib/python3.13/site-packages/starlette/_exception_handler.py", line 42, in wrapped_app
    await app(scope, receive, sender)
  File "/Users/buzeoff/Desktop/clinic_rest_service/.venv/lib/python3.13/site-packages/fastapi/routing.py", line 106, in app
    response = await f(request)
               ^^^^^^^^^^^^^^^^
  File "/Users/buzeoff/Desktop/clinic_rest_service/.venv/lib/python3.13/site-packages/fastapi/routing.py", line 430, in app
    raw_response = await run_endpoint_function(
                   ^^^^^^^^^^^^^^^^^^^^^^^^^^^^
    ...<3 lines>...
    )
    ^
  File "/Users/buzeoff/Desktop/clinic_rest_service/.venv/lib/python3.13/site-packages/fastapi/routing.py", line 318, in run_endpoint_function
    return await run_in_threadpool(dependant.call, **values)
           ^^^^^^^^^^^^^^^^^^^^^^^^^^^^^^^^^^^^^^^^^^^^^^^^^
  File "/Users/buzeoff/Desktop/clinic_rest_service/.venv/lib/python3.13/site-packages/starlette/concurrency.py", line 32, in run_in_threadpool
    return await anyio.to_thread.run_sync(func)
           ^^^^^^^^^^^^^^^^^^^^^^^^^^^^^^^^^^^^
  File "/Users/buzeoff/Desktop/clinic_rest_service/.venv/lib/python3.13/site-packages/anyio/to_thread.py", line 61, in run_sync
    return await get_async_backend().run_sync_in_worker_thread(
           ^^^^^^^^^^^^^^^^^^^^^^^^^^^^^^^^^^^^^^^^^^^^^^^^^^^^
        func, args, abandon_on_cancel=abandon_on_cancel, limiter=limiter
        ^^^^^^^^^^^^^^^^^^^^^^^^^^^^^^^^^^^^^^^^^^^^^^^^^^^^^^^^^^^^^^^^
    )
    ^
  File "/Users/buzeoff/Desktop/clinic_rest_service/.venv/lib/python3.13/site-packages/anyio/_backends/_asyncio.py", line 2525, in run_sync_in_worker_thread
    return await future
           ^^^^^^^^^^^^
  File "/Users/buzeoff/Desktop/clinic_rest_service/.venv/lib/python3.13/site-packages/anyio/_backends/_asyncio.py", line 986, in run
    result = context.run(func, *args)
  File "/Users/buzeoff/Desktop/clinic_rest_service/app/controllers/doctor_controller.py", line 33, in get_doctor
    return service.get_doctor_by_id(doctor_id)
           ~~~~~~~~~~~~~~~~~~~~~~~~^^^^^^^^^^^
  File "/Users/buzeoff/Desktop/clinic_rest_service/app/services/doctor_service.py", line 56, in get_doctor_by_id
    doctor = self.db.query(DoctorDB).filter(DoctorDB.id == doctor_id).first()
  File "/Users/buzeoff/Desktop/clinic_rest_service/.venv/lib/python3.13/site-packages/sqlalchemy/orm/query.py", line 2759, in first
    return self.limit(1)._iter().first()  # type: ignore
           ~~~~~~~~~~~~~~~~~~~^^
  File "/Users/buzeoff/Desktop/clinic_rest_service/.venv/lib/python3.13/site-packages/sqlalchemy/orm/query.py", line 2857, in _iter
    result: Union[ScalarResult[_T], Result[_T]] = self.session.execute(
                                                  ~~~~~~~~~~~~~~~~~~~~^
        statement,
        ^^^^^^^^^^
        params,
        ^^^^^^^
        execution_options={"_sa_orm_load_options": self.load_options},
        ^^^^^^^^^^^^^^^^^^^^^^^^^^^^^^^^^^^^^^^^^^^^^^^^^^^^^^^^^^^^^^
    )
    ^
  File "/Users/buzeoff/Desktop/clinic_rest_service/.venv/lib/python3.13/site-packages/sqlalchemy/orm/session.py", line 2351, in execute
    return self._execute_internal(
           ~~~~~~~~~~~~~~~~~~~~~~^
        statement,
        ^^^^^^^^^^
    ...<4 lines>...
        _add_event=_add_event,
        ^^^^^^^^^^^^^^^^^^^^^^
    )
    ^
  File "/Users/buzeoff/Desktop/clinic_rest_service/.venv/lib/python3.13/site-packages/sqlalchemy/orm/session.py", line 2249, in _execute_internal
    result: Result[Any] = compile_state_cls.orm_execute_statement(
                          ~~~~~~~~~~~~~~~~~~~~~~~~~~~~~~~~~~~~~~~^
        self,
        ^^^^^
    ...<4 lines>...
        conn,
        ^^^^^
    )
    ^
  File "/Users/buzeoff/Desktop/clinic_rest_service/.venv/lib/python3.13/site-packages/sqlalchemy/orm/context.py", line 306, in orm_execute_statement
    result = conn.execute(
        statement, params or {}, execution_options=execution_options
    )
  File "/Users/buzeoff/Desktop/clinic_rest_service/.venv/lib/python3.13/site-packages/sqlalchemy/engine/base.py", line 1419, in execute
    return meth(
        self,
        distilled_parameters,
        execution_options or NO_OPTIONS,
    )
  File "/Users/buzeoff/Desktop/clinic_rest_service/.venv/lib/python3.13/site-packages/sqlalchemy/sql/elements.py", line 527, in _execute_on_connection
    return connection._execute_clauseelement(
           ~~~~~~~~~~~~~~~~~~~~~~~~~~~~~~~~~^
        self, distilled_params, execution_options
        ^^^^^^^^^^^^^^^^^^^^^^^^^^^^^^^^^^^^^^^^^
    )
    ^
  File "/Users/buzeoff/Desktop/clinic_rest_service/.venv/lib/python3.13/site-packages/sqlalchemy/engine/base.py", line 1641, in _execute_clauseelement
    ret = self._execute_context(
        dialect,
    ...<8 lines>...
        cache_hit=cache_hit,
    )
  File "/Users/buzeoff/Desktop/clinic_rest_service/.venv/lib/python3.13/site-packages/sqlalchemy/engine/base.py", line 1846, in _execute_context
    return self._exec_single_context(
           ~~~~~~~~~~~~~~~~~~~~~~~~~^
        dialect, context, statement, parameters
        ^^^^^^^^^^^^^^^^^^^^^^^^^^^^^^^^^^^^^^^
    )
    ^
  File "/Users/buzeoff/Desktop/clinic_rest_service/.venv/lib/python3.13/site-packages/sqlalchemy/engine/base.py", line 1986, in _exec_single_context
    self._handle_dbapi_exception(
    ~~~~~~~~~~~~~~~~~~~~~~~~~~~~^
        e, str_statement, effective_parameters, cursor, context
        ^^^^^^^^^^^^^^^^^^^^^^^^^^^^^^^^^^^^^^^^^^^^^^^^^^^^^^^
    )
    ^
  File "/Users/buzeoff/Desktop/clinic_rest_service/.venv/lib/python3.13/site-packages/sqlalchemy/engine/base.py", line 2363, in _handle_dbapi_exception
    raise sqlalchemy_exception.with_traceback(exc_info[2]) from e
  File "/Users/buzeoff/Desktop/clinic_rest_service/.venv/lib/python3.13/site-packages/sqlalchemy/engine/base.py", line 1967, in _exec_single_context
    self.dialect.do_execute(
    ~~~~~~~~~~~~~~~~~~~~~~~^
        cursor, str_statement, effective_parameters, context
        ^^^^^^^^^^^^^^^^^^^^^^^^^^^^^^^^^^^^^^^^^^^^^^^^^^^^
    )
    ^
  File "/Users/buzeoff/Desktop/clinic_rest_service/.venv/lib/python3.13/site-packages/sqlalchemy/engine/default.py", line 952, in do_execute
    cursor.execute(statement, parameters)
    ~~~~~~~~~~~~~~^^^^^^^^^^^^^^^^^^^^^^^
sqlalchemy.exc.OperationalError: (sqlite3.OperationalError) no such column: doctors.cabinet_id
[SQL: SELECT doctors.id AS doctors_id, doctors.fio AS doctors_fio, doctors.cabinet_id AS doctors_cabinet_id, doctors.phone AS doctors_phone, doctors.experience_years AS doctors_experience_years 
FROM doctors 
WHERE doctors.id = ?
 LIMIT ? OFFSET ?]
[parameters: (1, 1, 0)]
(Background on this error at: https://sqlalche.me/e/20/e3q8)
